INFO - 2023-06-24 19:57:01 --> Session: Class initialized using 'CodeIgniter\Session\Handlers\FileHandler' driver.
INFO - 2023-06-24 19:57:02 --> Session: Class initialized using 'CodeIgniter\Session\Handlers\FileHandler' driver.
ERROR - 2023-06-24 19:57:03 --> Error connecting to the database: mysqli_sql_exception: Unknown database 'control_escolar' in /var/www/html/system/Database/MySQLi/Connection.php:173
Stack trace:
#0 /var/www/html/system/Database/MySQLi/Connection.php(173): mysqli->real_connect('db_correcaminos', 'root', Object(SensitiveParameterValue), 'control_escolar', NULL, '', 0)
#1 /var/www/html/system/Database/BaseConnection.php(391): CodeIgniter\Database\MySQLi\Connection->connect(false)
#2 /var/www/html/system/Database/BaseConnection.php(574): CodeIgniter\Database\BaseConnection->initialize()
#3 /var/www/html/system/Database/BaseBuilder.php(1616): CodeIgniter\Database\BaseConnection->query('SELECT *\nFROM `...', Array, false)
#4 /var/www/html/vendor/codeigniter4/settings/src/Handlers/DatabaseHandler.php(173): CodeIgniter\Database\BaseBuilder->get()
#5 /var/www/html/vendor/codeigniter4/settings/src/Handlers/DatabaseHandler.php(51): CodeIgniter\Settings\Handlers\DatabaseHandler->hydrate(NULL)
#6 /var/www/html/vendor/codeigniter4/settings/src/Settings.php(59): CodeIgniter\Settings\Handlers\DatabaseHandler->has('Config\\Auth', 'sessionConfig', NULL)
#7 /var/www/html/vendor/codeigniter4/settings/src/Helpers/setting_helper.php(25): CodeIgniter\Settings\Settings->get('Auth.sessionCon...')
#8 /var/www/html/vendor/codeigniter4/shield/src/Authentication/Authenticators/Session.php(689): setting('Auth.sessionCon...')
#9 /var/www/html/vendor/codeigniter4/shield/src/Authentication/Authenticators/Session.php(707): CodeIgniter\Shield\Authentication\Authenticators\Session->getSessionUserInfo()
#10 /var/www/html/vendor/codeigniter4/shield/src/Authentication/Authenticators/Session.php(394): CodeIgniter\Shield\Authentication\Authenticators\Session->getSessionKey('id')
#11 /var/www/html/vendor/codeigniter4/shield/src/Authentication/Authenticators/Session.php(378): CodeIgniter\Shield\Authentication\Authenticators\Session->checkUserState()
#12 /var/www/html/vendor/codeigniter4/shield/src/Auth.php(165): CodeIgniter\Shield\Authentication\Authenticators\Session->loggedIn()
#13 /var/www/html/vendor/codeigniter4/shield/src/Controllers/LoginController.php(28): CodeIgniter\Shield\Auth->__call('loggedIn', Array)
#14 /var/www/html/system/CodeIgniter.php(934): CodeIgniter\Shield\Controllers\LoginController->loginView()
#15 /var/www/html/system/CodeIgniter.php(499): CodeIgniter\CodeIgniter->runController(Object(App\Controllers\Auth\Login))
#16 /var/www/html/system/CodeIgniter.php(368): CodeIgniter\CodeIgniter->handleRequest(NULL, Object(Config\Cache), false)
#17 /var/www/html/public/index.php(67): CodeIgniter\CodeIgniter->run()
#18 {main}

Next CodeIgniter\Database\Exceptions\DatabaseException: Unknown database 'control_escolar' in /var/www/html/system/Database/MySQLi/Connection.php:218
Stack trace:
#0 /var/www/html/system/Database/BaseConnection.php(391): CodeIgniter\Database\MySQLi\Connection->connect(false)
#1 /var/www/html/system/Database/BaseConnection.php(574): CodeIgniter\Database\BaseConnection->initialize()
#2 /var/www/html/system/Database/BaseBuilder.php(1616): CodeIgniter\Database\BaseConnection->query('SELECT *\nFROM `...', Array, false)
#3 /var/www/html/vendor/codeigniter4/settings/src/Handlers/DatabaseHandler.php(173): CodeIgniter\Database\BaseBuilder->get()
#4 /var/www/html/vendor/codeigniter4/settings/src/Handlers/DatabaseHandler.php(51): CodeIgniter\Settings\Handlers\DatabaseHandler->hydrate(NULL)
#5 /var/www/html/vendor/codeigniter4/settings/src/Settings.php(59): CodeIgniter\Settings\Handlers\DatabaseHandler->has('Config\\Auth', 'sessionConfig', NULL)
#6 /var/www/html/vendor/codeigniter4/settings/src/Helpers/setting_helper.php(25): CodeIgniter\Settings\Settings->get('Auth.sessionCon...')
#7 /var/www/html/vendor/codeigniter4/shield/src/Authentication/Authenticators/Session.php(689): setting('Auth.sessionCon...')
#8 /var/www/html/vendor/codeigniter4/shield/src/Authentication/Authenticators/Session.php(707): CodeIgniter\Shield\Authentication\Authenticators\Session->getSessionUserInfo()
#9 /var/www/html/vendor/codeigniter4/shield/src/Authentication/Authenticators/Session.php(394): CodeIgniter\Shield\Authentication\Authenticators\Session->getSessionKey('id')
#10 /var/www/html/vendor/codeigniter4/shield/src/Authentication/Authenticators/Session.php(378): CodeIgniter\Shield\Authentication\Authenticators\Session->checkUserState()
#11 /var/www/html/vendor/codeigniter4/shield/src/Auth.php(165): CodeIgniter\Shield\Authentication\Authenticators\Session->loggedIn()
#12 /var/www/html/vendor/codeigniter4/shield/src/Controllers/LoginController.php(28): CodeIgniter\Shield\Auth->__call('loggedIn', Array)
#13 /var/www/html/system/CodeIgniter.php(934): CodeIgniter\Shield\Controllers\LoginController->loginView()
#14 /var/www/html/system/CodeIgniter.php(499): CodeIgniter\CodeIgniter->runController(Object(App\Controllers\Auth\Login))
#15 /var/www/html/system/CodeIgniter.php(368): CodeIgniter\CodeIgniter->handleRequest(NULL, Object(Config\Cache), false)
#16 /var/www/html/public/index.php(67): CodeIgniter\CodeIgniter->run()
#17 {main}
CRITICAL - 2023-06-24 19:57:03 --> Unable to connect to the database.
Main connection [MySQLi]: Unknown database 'control_escolar'
in SYSTEMPATH/Database/BaseConnection.php on line 427.
 1 SYSTEMPATH/Database/BaseConnection.php(574): CodeIgniter\Database\BaseConnection->initialize()
 2 SYSTEMPATH/Database/BaseBuilder.php(1616): CodeIgniter\Database\BaseConnection->query('SELECT *
FROM `settings`
WHERE `context` IS NULL', [], false)
 3 VENDORPATH/codeigniter4/settings/src/Handlers/DatabaseHandler.php(173): CodeIgniter\Database\BaseBuilder->get()
 4 VENDORPATH/codeigniter4/settings/src/Handlers/DatabaseHandler.php(51): CodeIgniter\Settings\Handlers\DatabaseHandler->hydrate(null)
 5 VENDORPATH/codeigniter4/settings/src/Settings.php(59): CodeIgniter\Settings\Handlers\DatabaseHandler->has('Config\\Auth', 'sessionConfig', null)
 6 VENDORPATH/codeigniter4/settings/src/Helpers/setting_helper.php(25): CodeIgniter\Settings\Settings->get('Auth.sessionConfig')
 7 VENDORPATH/codeigniter4/shield/src/Authentication/Authenticators/Session.php(689): setting('Auth.sessionConfig')
 8 VENDORPATH/codeigniter4/shield/src/Authentication/Authenticators/Session.php(707): CodeIgniter\Shield\Authentication\Authenticators\Session->getSessionUserInfo()
 9 VENDORPATH/codeigniter4/shield/src/Authentication/Authenticators/Session.php(394): CodeIgniter\Shield\Authentication\Authenticators\Session->getSessionKey('id')
10 VENDORPATH/codeigniter4/shield/src/Authentication/Authenticators/Session.php(378): CodeIgniter\Shield\Authentication\Authenticators\Session->checkUserState()
11 VENDORPATH/codeigniter4/shield/src/Auth.php(165): CodeIgniter\Shield\Authentication\Authenticators\Session->loggedIn()
12 VENDORPATH/codeigniter4/shield/src/Controllers/LoginController.php(28): CodeIgniter\Shield\Auth->__call('loggedIn', [])
13 SYSTEMPATH/CodeIgniter.php(934): CodeIgniter\Shield\Controllers\LoginController->loginView()
14 SYSTEMPATH/CodeIgniter.php(499): CodeIgniter\CodeIgniter->runController(Object(App\Controllers\Auth\Login))
15 SYSTEMPATH/CodeIgniter.php(368): CodeIgniter\CodeIgniter->handleRequest(null, Object(Config\Cache), false)
16 FCPATH/index.php(67): CodeIgniter\CodeIgniter->run()
ERROR - 2023-06-24 19:57:03 --> Error connecting to the database: mysqli_sql_exception: Unknown database 'control_escolar' in /var/www/html/system/Database/MySQLi/Connection.php:173
Stack trace:
#0 /var/www/html/system/Database/MySQLi/Connection.php(173): mysqli->real_connect('db_correcaminos', 'root', Object(SensitiveParameterValue), 'control_escolar', NULL, '', 0)
#1 /var/www/html/system/Database/BaseConnection.php(391): CodeIgniter\Database\MySQLi\Connection->connect(false)
#2 /var/www/html/system/Database/BaseConnection.php(574): CodeIgniter\Database\BaseConnection->initialize()
#3 /var/www/html/system/Database/BaseBuilder.php(1616): CodeIgniter\Database\BaseConnection->query('SELECT *\nFROM `...', Array, false)
#4 /var/www/html/vendor/codeigniter4/settings/src/Handlers/DatabaseHandler.php(173): CodeIgniter\Database\BaseBuilder->get()
#5 /var/www/html/vendor/codeigniter4/settings/src/Handlers/DatabaseHandler.php(51): CodeIgniter\Settings\Handlers\DatabaseHandler->hydrate(NULL)
#6 /var/www/html/vendor/codeigniter4/settings/src/Settings.php(59): CodeIgniter\Settings\Handlers\DatabaseHandler->has('Config\\Auth', 'sessionConfig', NULL)
#7 /var/www/html/vendor/codeigniter4/settings/src/Helpers/setting_helper.php(25): CodeIgniter\Settings\Settings->get('Auth.sessionCon...')
#8 /var/www/html/vendor/codeigniter4/shield/src/Authentication/Authenticators/Session.php(689): setting('Auth.sessionCon...')
#9 /var/www/html/vendor/codeigniter4/shield/src/Authentication/Authenticators/Session.php(707): CodeIgniter\Shield\Authentication\Authenticators\Session->getSessionUserInfo()
#10 /var/www/html/vendor/codeigniter4/shield/src/Authentication/Authenticators/Session.php(394): CodeIgniter\Shield\Authentication\Authenticators\Session->getSessionKey('id')
#11 /var/www/html/vendor/codeigniter4/shield/src/Authentication/Authenticators/Session.php(378): CodeIgniter\Shield\Authentication\Authenticators\Session->checkUserState()
#12 /var/www/html/vendor/codeigniter4/shield/src/Auth.php(165): CodeIgniter\Shield\Authentication\Authenticators\Session->loggedIn()
#13 /var/www/html/vendor/codeigniter4/shield/src/Controllers/LoginController.php(28): CodeIgniter\Shield\Auth->__call('loggedIn', Array)
#14 /var/www/html/system/CodeIgniter.php(934): CodeIgniter\Shield\Controllers\LoginController->loginView()
#15 /var/www/html/system/CodeIgniter.php(499): CodeIgniter\CodeIgniter->runController(Object(App\Controllers\Auth\Login))
#16 /var/www/html/system/CodeIgniter.php(368): CodeIgniter\CodeIgniter->handleRequest(NULL, Object(Config\Cache), false)
#17 /var/www/html/public/index.php(67): CodeIgniter\CodeIgniter->run()
#18 {main}

Next CodeIgniter\Database\Exceptions\DatabaseException: Unknown database 'control_escolar' in /var/www/html/system/Database/MySQLi/Connection.php:218
Stack trace:
#0 /var/www/html/system/Database/BaseConnection.php(391): CodeIgniter\Database\MySQLi\Connection->connect(false)
#1 /var/www/html/system/Database/BaseConnection.php(574): CodeIgniter\Database\BaseConnection->initialize()
#2 /var/www/html/system/Database/BaseBuilder.php(1616): CodeIgniter\Database\BaseConnection->query('SELECT *\nFROM `...', Array, false)
#3 /var/www/html/vendor/codeigniter4/settings/src/Handlers/DatabaseHandler.php(173): CodeIgniter\Database\BaseBuilder->get()
#4 /var/www/html/vendor/codeigniter4/settings/src/Handlers/DatabaseHandler.php(51): CodeIgniter\Settings\Handlers\DatabaseHandler->hydrate(NULL)
#5 /var/www/html/vendor/codeigniter4/settings/src/Settings.php(59): CodeIgniter\Settings\Handlers\DatabaseHandler->has('Config\\Auth', 'sessionConfig', NULL)
#6 /var/www/html/vendor/codeigniter4/settings/src/Helpers/setting_helper.php(25): CodeIgniter\Settings\Settings->get('Auth.sessionCon...')
#7 /var/www/html/vendor/codeigniter4/shield/src/Authentication/Authenticators/Session.php(689): setting('Auth.sessionCon...')
#8 /var/www/html/vendor/codeigniter4/shield/src/Authentication/Authenticators/Session.php(707): CodeIgniter\Shield\Authentication\Authenticators\Session->getSessionUserInfo()
#9 /var/www/html/vendor/codeigniter4/shield/src/Authentication/Authenticators/Session.php(394): CodeIgniter\Shield\Authentication\Authenticators\Session->getSessionKey('id')
#10 /var/www/html/vendor/codeigniter4/shield/src/Authentication/Authenticators/Session.php(378): CodeIgniter\Shield\Authentication\Authenticators\Session->checkUserState()
#11 /var/www/html/vendor/codeigniter4/shield/src/Auth.php(165): CodeIgniter\Shield\Authentication\Authenticators\Session->loggedIn()
#12 /var/www/html/vendor/codeigniter4/shield/src/Controllers/LoginController.php(28): CodeIgniter\Shield\Auth->__call('loggedIn', Array)
#13 /var/www/html/system/CodeIgniter.php(934): CodeIgniter\Shield\Controllers\LoginController->loginView()
#14 /var/www/html/system/CodeIgniter.php(499): CodeIgniter\CodeIgniter->runController(Object(App\Controllers\Auth\Login))
#15 /var/www/html/system/CodeIgniter.php(368): CodeIgniter\CodeIgniter->handleRequest(NULL, Object(Config\Cache), false)
#16 /var/www/html/public/index.php(67): CodeIgniter\CodeIgniter->run()
#17 {main}
CRITICAL - 2023-06-24 19:57:03 --> Unable to connect to the database.
Main connection [MySQLi]: Unknown database 'control_escolar'
in SYSTEMPATH/Database/BaseConnection.php on line 427.
 1 SYSTEMPATH/Database/BaseConnection.php(574): CodeIgniter\Database\BaseConnection->initialize()
 2 SYSTEMPATH/Database/BaseBuilder.php(1616): CodeIgniter\Database\BaseConnection->query('SELECT *
FROM `settings`
WHERE `context` IS NULL', [], false)
 3 VENDORPATH/codeigniter4/settings/src/Handlers/DatabaseHandler.php(173): CodeIgniter\Database\BaseBuilder->get()
 4 VENDORPATH/codeigniter4/settings/src/Handlers/DatabaseHandler.php(51): CodeIgniter\Settings\Handlers\DatabaseHandler->hydrate(null)
 5 VENDORPATH/codeigniter4/settings/src/Settings.php(59): CodeIgniter\Settings\Handlers\DatabaseHandler->has('Config\\Auth', 'sessionConfig', null)
 6 VENDORPATH/codeigniter4/settings/src/Helpers/setting_helper.php(25): CodeIgniter\Settings\Settings->get('Auth.sessionConfig')
 7 VENDORPATH/codeigniter4/shield/src/Authentication/Authenticators/Session.php(689): setting('Auth.sessionConfig')
 8 VENDORPATH/codeigniter4/shield/src/Authentication/Authenticators/Session.php(707): CodeIgniter\Shield\Authentication\Authenticators\Session->getSessionUserInfo()
 9 VENDORPATH/codeigniter4/shield/src/Authentication/Authenticators/Session.php(394): CodeIgniter\Shield\Authentication\Authenticators\Session->getSessionKey('id')
10 VENDORPATH/codeigniter4/shield/src/Authentication/Authenticators/Session.php(378): CodeIgniter\Shield\Authentication\Authenticators\Session->checkUserState()
11 VENDORPATH/codeigniter4/shield/src/Auth.php(165): CodeIgniter\Shield\Authentication\Authenticators\Session->loggedIn()
12 VENDORPATH/codeigniter4/shield/src/Controllers/LoginController.php(28): CodeIgniter\Shield\Auth->__call('loggedIn', [])
13 SYSTEMPATH/CodeIgniter.php(934): CodeIgniter\Shield\Controllers\LoginController->loginView()
14 SYSTEMPATH/CodeIgniter.php(499): CodeIgniter\CodeIgniter->runController(Object(App\Controllers\Auth\Login))
15 SYSTEMPATH/CodeIgniter.php(368): CodeIgniter\CodeIgniter->handleRequest(null, Object(Config\Cache), false)
16 FCPATH/index.php(67): CodeIgniter\CodeIgniter->run()
INFO - 2023-06-24 19:57:04 --> Session: Class initialized using 'CodeIgniter\Session\Handlers\FileHandler' driver.
INFO - 2023-06-24 19:57:04 --> Session: Class initialized using 'CodeIgniter\Session\Handlers\FileHandler' driver.
INFO - 2023-06-24 19:57:04 --> Session: Class initialized using 'CodeIgniter\Session\Handlers\FileHandler' driver.
INFO - 2023-06-24 19:57:04 --> Session: Class initialized using 'CodeIgniter\Session\Handlers\FileHandler' driver.
INFO - 2023-06-24 19:57:04 --> Session: Class initialized using 'CodeIgniter\Session\Handlers\FileHandler' driver.
ERROR - 2023-06-24 19:57:05 --> Error connecting to the database: mysqli_sql_exception: Unknown database 'control_escolar' in /var/www/html/system/Database/MySQLi/Connection.php:173
Stack trace:
#0 /var/www/html/system/Database/MySQLi/Connection.php(173): mysqli->real_connect('db_correcaminos', 'root', Object(SensitiveParameterValue), 'control_escolar', NULL, '', 0)
#1 /var/www/html/system/Database/BaseConnection.php(391): CodeIgniter\Database\MySQLi\Connection->connect(false)
#2 /var/www/html/system/Database/BaseConnection.php(574): CodeIgniter\Database\BaseConnection->initialize()
#3 /var/www/html/system/Database/BaseBuilder.php(1616): CodeIgniter\Database\BaseConnection->query('SELECT *\nFROM `...', Array, false)
#4 /var/www/html/vendor/codeigniter4/settings/src/Handlers/DatabaseHandler.php(173): CodeIgniter\Database\BaseBuilder->get()
#5 /var/www/html/vendor/codeigniter4/settings/src/Handlers/DatabaseHandler.php(51): CodeIgniter\Settings\Handlers\DatabaseHandler->hydrate(NULL)
#6 /var/www/html/vendor/codeigniter4/settings/src/Settings.php(59): CodeIgniter\Settings\Handlers\DatabaseHandler->has('Config\\Auth', 'sessionConfig', NULL)
#7 /var/www/html/vendor/codeigniter4/settings/src/Helpers/setting_helper.php(25): CodeIgniter\Settings\Settings->get('Auth.sessionCon...')
#8 /var/www/html/vendor/codeigniter4/shield/src/Authentication/Authenticators/Session.php(689): setting('Auth.sessionCon...')
#9 /var/www/html/vendor/codeigniter4/shield/src/Authentication/Authenticators/Session.php(707): CodeIgniter\Shield\Authentication\Authenticators\Session->getSessionUserInfo()
#10 /var/www/html/vendor/codeigniter4/shield/src/Authentication/Authenticators/Session.php(394): CodeIgniter\Shield\Authentication\Authenticators\Session->getSessionKey('id')
#11 /var/www/html/vendor/codeigniter4/shield/src/Authentication/Authenticators/Session.php(378): CodeIgniter\Shield\Authentication\Authenticators\Session->checkUserState()
#12 /var/www/html/vendor/codeigniter4/shield/src/Auth.php(165): CodeIgniter\Shield\Authentication\Authenticators\Session->loggedIn()
#13 /var/www/html/vendor/codeigniter4/shield/src/Controllers/LoginController.php(28): CodeIgniter\Shield\Auth->__call('loggedIn', Array)
#14 /var/www/html/system/CodeIgniter.php(934): CodeIgniter\Shield\Controllers\LoginController->loginView()
#15 /var/www/html/system/CodeIgniter.php(499): CodeIgniter\CodeIgniter->runController(Object(App\Controllers\Auth\Login))
#16 /var/www/html/system/CodeIgniter.php(368): CodeIgniter\CodeIgniter->handleRequest(NULL, Object(Config\Cache), false)
#17 /var/www/html/public/index.php(67): CodeIgniter\CodeIgniter->run()
#18 {main}

Next CodeIgniter\Database\Exceptions\DatabaseException: Unknown database 'control_escolar' in /var/www/html/system/Database/MySQLi/Connection.php:218
Stack trace:
#0 /var/www/html/system/Database/BaseConnection.php(391): CodeIgniter\Database\MySQLi\Connection->connect(false)
#1 /var/www/html/system/Database/BaseConnection.php(574): CodeIgniter\Database\BaseConnection->initialize()
#2 /var/www/html/system/Database/BaseBuilder.php(1616): CodeIgniter\Database\BaseConnection->query('SELECT *\nFROM `...', Array, false)
#3 /var/www/html/vendor/codeigniter4/settings/src/Handlers/DatabaseHandler.php(173): CodeIgniter\Database\BaseBuilder->get()
#4 /var/www/html/vendor/codeigniter4/settings/src/Handlers/DatabaseHandler.php(51): CodeIgniter\Settings\Handlers\DatabaseHandler->hydrate(NULL)
#5 /var/www/html/vendor/codeigniter4/settings/src/Settings.php(59): CodeIgniter\Settings\Handlers\DatabaseHandler->has('Config\\Auth', 'sessionConfig', NULL)
#6 /var/www/html/vendor/codeigniter4/settings/src/Helpers/setting_helper.php(25): CodeIgniter\Settings\Settings->get('Auth.sessionCon...')
#7 /var/www/html/vendor/codeigniter4/shield/src/Authentication/Authenticators/Session.php(689): setting('Auth.sessionCon...')
#8 /var/www/html/vendor/codeigniter4/shield/src/Authentication/Authenticators/Session.php(707): CodeIgniter\Shield\Authentication\Authenticators\Session->getSessionUserInfo()
#9 /var/www/html/vendor/codeigniter4/shield/src/Authentication/Authenticators/Session.php(394): CodeIgniter\Shield\Authentication\Authenticators\Session->getSessionKey('id')
#10 /var/www/html/vendor/codeigniter4/shield/src/Authentication/Authenticators/Session.php(378): CodeIgniter\Shield\Authentication\Authenticators\Session->checkUserState()
#11 /var/www/html/vendor/codeigniter4/shield/src/Auth.php(165): CodeIgniter\Shield\Authentication\Authenticators\Session->loggedIn()
#12 /var/www/html/vendor/codeigniter4/shield/src/Controllers/LoginController.php(28): CodeIgniter\Shield\Auth->__call('loggedIn', Array)
#13 /var/www/html/system/CodeIgniter.php(934): CodeIgniter\Shield\Controllers\LoginController->loginView()
#14 /var/www/html/system/CodeIgniter.php(499): CodeIgniter\CodeIgniter->runController(Object(App\Controllers\Auth\Login))
#15 /var/www/html/system/CodeIgniter.php(368): CodeIgniter\CodeIgniter->handleRequest(NULL, Object(Config\Cache), false)
#16 /var/www/html/public/index.php(67): CodeIgniter\CodeIgniter->run()
#17 {main}
ERROR - 2023-06-24 19:57:05 --> Error connecting to the database: mysqli_sql_exception: Unknown database 'control_escolar' in /var/www/html/system/Database/MySQLi/Connection.php:173
Stack trace:
#0 /var/www/html/system/Database/MySQLi/Connection.php(173): mysqli->real_connect('db_correcaminos', 'root', Object(SensitiveParameterValue), 'control_escolar', NULL, '', 0)
#1 /var/www/html/system/Database/BaseConnection.php(391): CodeIgniter\Database\MySQLi\Connection->connect(false)
#2 /var/www/html/system/Database/BaseConnection.php(574): CodeIgniter\Database\BaseConnection->initialize()
#3 /var/www/html/system/Database/BaseBuilder.php(1616): CodeIgniter\Database\BaseConnection->query('SELECT *\nFROM `...', Array, false)
#4 /var/www/html/vendor/codeigniter4/settings/src/Handlers/DatabaseHandler.php(173): CodeIgniter\Database\BaseBuilder->get()
#5 /var/www/html/vendor/codeigniter4/settings/src/Handlers/DatabaseHandler.php(51): CodeIgniter\Settings\Handlers\DatabaseHandler->hydrate(NULL)
#6 /var/www/html/vendor/codeigniter4/settings/src/Settings.php(59): CodeIgniter\Settings\Handlers\DatabaseHandler->has('Config\\Auth', 'sessionConfig', NULL)
#7 /var/www/html/vendor/codeigniter4/settings/src/Helpers/setting_helper.php(25): CodeIgniter\Settings\Settings->get('Auth.sessionCon...')
#8 /var/www/html/vendor/codeigniter4/shield/src/Authentication/Authenticators/Session.php(689): setting('Auth.sessionCon...')
#9 /var/www/html/vendor/codeigniter4/shield/src/Authentication/Authenticators/Session.php(707): CodeIgniter\Shield\Authentication\Authenticators\Session->getSessionUserInfo()
#10 /var/www/html/vendor/codeigniter4/shield/src/Authentication/Authenticators/Session.php(394): CodeIgniter\Shield\Authentication\Authenticators\Session->getSessionKey('id')
#11 /var/www/html/vendor/codeigniter4/shield/src/Authentication/Authenticators/Session.php(378): CodeIgniter\Shield\Authentication\Authenticators\Session->checkUserState()
#12 /var/www/html/vendor/codeigniter4/shield/src/Auth.php(165): CodeIgniter\Shield\Authentication\Authenticators\Session->loggedIn()
#13 /var/www/html/vendor/codeigniter4/shield/src/Controllers/LoginController.php(28): CodeIgniter\Shield\Auth->__call('loggedIn', Array)
#14 /var/www/html/system/CodeIgniter.php(934): CodeIgniter\Shield\Controllers\LoginController->loginView()
#15 /var/www/html/system/CodeIgniter.php(499): CodeIgniter\CodeIgniter->runController(Object(App\Controllers\Auth\Login))
#16 /var/www/html/system/CodeIgniter.php(368): CodeIgniter\CodeIgniter->handleRequest(NULL, Object(Config\Cache), false)
#17 /var/www/html/public/index.php(67): CodeIgniter\CodeIgniter->run()
#18 {main}

Next CodeIgniter\Database\Exceptions\DatabaseException: Unknown database 'control_escolar' in /var/www/html/system/Database/MySQLi/Connection.php:218
Stack trace:
#0 /var/www/html/system/Database/BaseConnection.php(391): CodeIgniter\Database\MySQLi\Connection->connect(false)
#1 /var/www/html/system/Database/BaseConnection.php(574): CodeIgniter\Database\BaseConnection->initialize()
#2 /var/www/html/system/Database/BaseBuilder.php(1616): CodeIgniter\Database\BaseConnection->query('SELECT *\nFROM `...', Array, false)
#3 /var/www/html/vendor/codeigniter4/settings/src/Handlers/DatabaseHandler.php(173): CodeIgniter\Database\BaseBuilder->get()
#4 /var/www/html/vendor/codeigniter4/settings/src/Handlers/DatabaseHandler.php(51): CodeIgniter\Settings\Handlers\DatabaseHandler->hydrate(NULL)
#5 /var/www/html/vendor/codeigniter4/settings/src/Settings.php(59): CodeIgniter\Settings\Handlers\DatabaseHandler->has('Config\\Auth', 'sessionConfig', NULL)
#6 /var/www/html/vendor/codeigniter4/settings/src/Helpers/setting_helper.php(25): CodeIgniter\Settings\Settings->get('Auth.sessionCon...')
#7 /var/www/html/vendor/codeigniter4/shield/src/Authentication/Authenticators/Session.php(689): setting('Auth.sessionCon...')
#8 /var/www/html/vendor/codeigniter4/shield/src/Authentication/Authenticators/Session.php(707): CodeIgniter\Shield\Authentication\Authenticators\Session->getSessionUserInfo()
#9 /var/www/html/vendor/codeigniter4/shield/src/Authentication/Authenticators/Session.php(394): CodeIgniter\Shield\Authentication\Authenticators\Session->getSessionKey('id')
#10 /var/www/html/vendor/codeigniter4/shield/src/Authentication/Authenticators/Session.php(378): CodeIgniter\Shield\Authentication\Authenticators\Session->checkUserState()
#11 /var/www/html/vendor/codeigniter4/shield/src/Auth.php(165): CodeIgniter\Shield\Authentication\Authenticators\Session->loggedIn()
#12 /var/www/html/vendor/codeigniter4/shield/src/Controllers/LoginController.php(28): CodeIgniter\Shield\Auth->__call('loggedIn', Array)
#13 /var/www/html/system/CodeIgniter.php(934): CodeIgniter\Shield\Controllers\LoginController->loginView()
#14 /var/www/html/system/CodeIgniter.php(499): CodeIgniter\CodeIgniter->runController(Object(App\Controllers\Auth\Login))
#15 /var/www/html/system/CodeIgniter.php(368): CodeIgniter\CodeIgniter->handleRequest(NULL, Object(Config\Cache), false)
#16 /var/www/html/public/index.php(67): CodeIgniter\CodeIgniter->run()
#17 {main}
CRITICAL - 2023-06-24 19:57:05 --> Unable to connect to the database.
Main connection [MySQLi]: Unknown database 'control_escolar'
in SYSTEMPATH/Database/BaseConnection.php on line 427.
 1 SYSTEMPATH/Database/BaseConnection.php(574): CodeIgniter\Database\BaseConnection->initialize()
 2 SYSTEMPATH/Database/BaseBuilder.php(1616): CodeIgniter\Database\BaseConnection->query('SELECT *
FROM `settings`
WHERE `context` IS NULL', [], false)
 3 VENDORPATH/codeigniter4/settings/src/Handlers/DatabaseHandler.php(173): CodeIgniter\Database\BaseBuilder->get()
 4 VENDORPATH/codeigniter4/settings/src/Handlers/DatabaseHandler.php(51): CodeIgniter\Settings\Handlers\DatabaseHandler->hydrate(null)
 5 VENDORPATH/codeigniter4/settings/src/Settings.php(59): CodeIgniter\Settings\Handlers\DatabaseHandler->has('Config\\Auth', 'sessionConfig', null)
 6 VENDORPATH/codeigniter4/settings/src/Helpers/setting_helper.php(25): CodeIgniter\Settings\Settings->get('Auth.sessionConfig')
 7 VENDORPATH/codeigniter4/shield/src/Authentication/Authenticators/Session.php(689): setting('Auth.sessionConfig')
 8 VENDORPATH/codeigniter4/shield/src/Authentication/Authenticators/Session.php(707): CodeIgniter\Shield\Authentication\Authenticators\Session->getSessionUserInfo()
 9 VENDORPATH/codeigniter4/shield/src/Authentication/Authenticators/Session.php(394): CodeIgniter\Shield\Authentication\Authenticators\Session->getSessionKey('id')
10 VENDORPATH/codeigniter4/shield/src/Authentication/Authenticators/Session.php(378): CodeIgniter\Shield\Authentication\Authenticators\Session->checkUserState()
11 VENDORPATH/codeigniter4/shield/src/Auth.php(165): CodeIgniter\Shield\Authentication\Authenticators\Session->loggedIn()
12 VENDORPATH/codeigniter4/shield/src/Controllers/LoginController.php(28): CodeIgniter\Shield\Auth->__call('loggedIn', [])
13 SYSTEMPATH/CodeIgniter.php(934): CodeIgniter\Shield\Controllers\LoginController->loginView()
14 SYSTEMPATH/CodeIgniter.php(499): CodeIgniter\CodeIgniter->runController(Object(App\Controllers\Auth\Login))
15 SYSTEMPATH/CodeIgniter.php(368): CodeIgniter\CodeIgniter->handleRequest(null, Object(Config\Cache), false)
16 FCPATH/index.php(67): CodeIgniter\CodeIgniter->run()
CRITICAL - 2023-06-24 19:57:05 --> Unable to connect to the database.
Main connection [MySQLi]: Unknown database 'control_escolar'
in SYSTEMPATH/Database/BaseConnection.php on line 427.
 1 SYSTEMPATH/Database/BaseConnection.php(574): CodeIgniter\Database\BaseConnection->initialize()
 2 SYSTEMPATH/Database/BaseBuilder.php(1616): CodeIgniter\Database\BaseConnection->query('SELECT *
FROM `settings`
WHERE `context` IS NULL', [], false)
 3 VENDORPATH/codeigniter4/settings/src/Handlers/DatabaseHandler.php(173): CodeIgniter\Database\BaseBuilder->get()
 4 VENDORPATH/codeigniter4/settings/src/Handlers/DatabaseHandler.php(51): CodeIgniter\Settings\Handlers\DatabaseHandler->hydrate(null)
 5 VENDORPATH/codeigniter4/settings/src/Settings.php(59): CodeIgniter\Settings\Handlers\DatabaseHandler->has('Config\\Auth', 'sessionConfig', null)
 6 VENDORPATH/codeigniter4/settings/src/Helpers/setting_helper.php(25): CodeIgniter\Settings\Settings->get('Auth.sessionConfig')
 7 VENDORPATH/codeigniter4/shield/src/Authentication/Authenticators/Session.php(689): setting('Auth.sessionConfig')
 8 VENDORPATH/codeigniter4/shield/src/Authentication/Authenticators/Session.php(707): CodeIgniter\Shield\Authentication\Authenticators\Session->getSessionUserInfo()
 9 VENDORPATH/codeigniter4/shield/src/Authentication/Authenticators/Session.php(394): CodeIgniter\Shield\Authentication\Authenticators\Session->getSessionKey('id')
10 VENDORPATH/codeigniter4/shield/src/Authentication/Authenticators/Session.php(378): CodeIgniter\Shield\Authentication\Authenticators\Session->checkUserState()
11 VENDORPATH/codeigniter4/shield/src/Auth.php(165): CodeIgniter\Shield\Authentication\Authenticators\Session->loggedIn()
12 VENDORPATH/codeigniter4/shield/src/Controllers/LoginController.php(28): CodeIgniter\Shield\Auth->__call('loggedIn', [])
13 SYSTEMPATH/CodeIgniter.php(934): CodeIgniter\Shield\Controllers\LoginController->loginView()
14 SYSTEMPATH/CodeIgniter.php(499): CodeIgniter\CodeIgniter->runController(Object(App\Controllers\Auth\Login))
15 SYSTEMPATH/CodeIgniter.php(368): CodeIgniter\CodeIgniter->handleRequest(null, Object(Config\Cache), false)
16 FCPATH/index.php(67): CodeIgniter\CodeIgniter->run()
ERROR - 2023-06-24 19:57:05 --> Error connecting to the database: mysqli_sql_exception: Unknown database 'control_escolar' in /var/www/html/system/Database/MySQLi/Connection.php:173
Stack trace:
#0 /var/www/html/system/Database/MySQLi/Connection.php(173): mysqli->real_connect('db_correcaminos', 'root', Object(SensitiveParameterValue), 'control_escolar', NULL, '', 0)
#1 /var/www/html/system/Database/BaseConnection.php(391): CodeIgniter\Database\MySQLi\Connection->connect(false)
#2 /var/www/html/system/Database/BaseConnection.php(574): CodeIgniter\Database\BaseConnection->initialize()
#3 /var/www/html/system/Database/BaseBuilder.php(1616): CodeIgniter\Database\BaseConnection->query('SELECT *\nFROM `...', Array, false)
#4 /var/www/html/vendor/codeigniter4/settings/src/Handlers/DatabaseHandler.php(173): CodeIgniter\Database\BaseBuilder->get()
#5 /var/www/html/vendor/codeigniter4/settings/src/Handlers/DatabaseHandler.php(51): CodeIgniter\Settings\Handlers\DatabaseHandler->hydrate(NULL)
#6 /var/www/html/vendor/codeigniter4/settings/src/Settings.php(59): CodeIgniter\Settings\Handlers\DatabaseHandler->has('Config\\Auth', 'sessionConfig', NULL)
#7 /var/www/html/vendor/codeigniter4/settings/src/Helpers/setting_helper.php(25): CodeIgniter\Settings\Settings->get('Auth.sessionCon...')
#8 /var/www/html/vendor/codeigniter4/shield/src/Authentication/Authenticators/Session.php(689): setting('Auth.sessionCon...')
#9 /var/www/html/vendor/codeigniter4/shield/src/Authentication/Authenticators/Session.php(707): CodeIgniter\Shield\Authentication\Authenticators\Session->getSessionUserInfo()
#10 /var/www/html/vendor/codeigniter4/shield/src/Authentication/Authenticators/Session.php(394): CodeIgniter\Shield\Authentication\Authenticators\Session->getSessionKey('id')
#11 /var/www/html/vendor/codeigniter4/shield/src/Authentication/Authenticators/Session.php(378): CodeIgniter\Shield\Authentication\Authenticators\Session->checkUserState()
#12 /var/www/html/vendor/codeigniter4/shield/src/Auth.php(165): CodeIgniter\Shield\Authentication\Authenticators\Session->loggedIn()
#13 /var/www/html/vendor/codeigniter4/shield/src/Controllers/LoginController.php(28): CodeIgniter\Shield\Auth->__call('loggedIn', Array)
#14 /var/www/html/system/CodeIgniter.php(934): CodeIgniter\Shield\Controllers\LoginController->loginView()
#15 /var/www/html/system/CodeIgniter.php(499): CodeIgniter\CodeIgniter->runController(Object(App\Controllers\Auth\Login))
#16 /var/www/html/system/CodeIgniter.php(368): CodeIgniter\CodeIgniter->handleRequest(NULL, Object(Config\Cache), false)
#17 /var/www/html/public/index.php(67): CodeIgniter\CodeIgniter->run()
#18 {main}

Next CodeIgniter\Database\Exceptions\DatabaseException: Unknown database 'control_escolar' in /var/www/html/system/Database/MySQLi/Connection.php:218
Stack trace:
#0 /var/www/html/system/Database/BaseConnection.php(391): CodeIgniter\Database\MySQLi\Connection->connect(false)
#1 /var/www/html/system/Database/BaseConnection.php(574): CodeIgniter\Database\BaseConnection->initialize()
#2 /var/www/html/system/Database/BaseBuilder.php(1616): CodeIgniter\Database\BaseConnection->query('SELECT *\nFROM `...', Array, false)
#3 /var/www/html/vendor/codeigniter4/settings/src/Handlers/DatabaseHandler.php(173): CodeIgniter\Database\BaseBuilder->get()
#4 /var/www/html/vendor/codeigniter4/settings/src/Handlers/DatabaseHandler.php(51): CodeIgniter\Settings\Handlers\DatabaseHandler->hydrate(NULL)
#5 /var/www/html/vendor/codeigniter4/settings/src/Settings.php(59): CodeIgniter\Settings\Handlers\DatabaseHandler->has('Config\\Auth', 'sessionConfig', NULL)
#6 /var/www/html/vendor/codeigniter4/settings/src/Helpers/setting_helper.php(25): CodeIgniter\Settings\Settings->get('Auth.sessionCon...')
#7 /var/www/html/vendor/codeigniter4/shield/src/Authentication/Authenticators/Session.php(689): setting('Auth.sessionCon...')
#8 /var/www/html/vendor/codeigniter4/shield/src/Authentication/Authenticators/Session.php(707): CodeIgniter\Shield\Authentication\Authenticators\Session->getSessionUserInfo()
#9 /var/www/html/vendor/codeigniter4/shield/src/Authentication/Authenticators/Session.php(394): CodeIgniter\Shield\Authentication\Authenticators\Session->getSessionKey('id')
#10 /var/www/html/vendor/codeigniter4/shield/src/Authentication/Authenticators/Session.php(378): CodeIgniter\Shield\Authentication\Authenticators\Session->checkUserState()
#11 /var/www/html/vendor/codeigniter4/shield/src/Auth.php(165): CodeIgniter\Shield\Authentication\Authenticators\Session->loggedIn()
#12 /var/www/html/vendor/codeigniter4/shield/src/Controllers/LoginController.php(28): CodeIgniter\Shield\Auth->__call('loggedIn', Array)
#13 /var/www/html/system/CodeIgniter.php(934): CodeIgniter\Shield\Controllers\LoginController->loginView()
#14 /var/www/html/system/CodeIgniter.php(499): CodeIgniter\CodeIgniter->runController(Object(App\Controllers\Auth\Login))
#15 /var/www/html/system/CodeIgniter.php(368): CodeIgniter\CodeIgniter->handleRequest(NULL, Object(Config\Cache), false)
#16 /var/www/html/public/index.php(67): CodeIgniter\CodeIgniter->run()
#17 {main}
ERROR - 2023-06-24 19:57:05 --> Error connecting to the database: mysqli_sql_exception: Unknown database 'control_escolar' in /var/www/html/system/Database/MySQLi/Connection.php:173
Stack trace:
#0 /var/www/html/system/Database/MySQLi/Connection.php(173): mysqli->real_connect('db_correcaminos', 'root', Object(SensitiveParameterValue), 'control_escolar', NULL, '', 0)
#1 /var/www/html/system/Database/BaseConnection.php(391): CodeIgniter\Database\MySQLi\Connection->connect(false)
#2 /var/www/html/system/Database/BaseConnection.php(574): CodeIgniter\Database\BaseConnection->initialize()
#3 /var/www/html/system/Database/BaseBuilder.php(1616): CodeIgniter\Database\BaseConnection->query('SELECT *\nFROM `...', Array, false)
#4 /var/www/html/vendor/codeigniter4/settings/src/Handlers/DatabaseHandler.php(173): CodeIgniter\Database\BaseBuilder->get()
#5 /var/www/html/vendor/codeigniter4/settings/src/Handlers/DatabaseHandler.php(51): CodeIgniter\Settings\Handlers\DatabaseHandler->hydrate(NULL)
#6 /var/www/html/vendor/codeigniter4/settings/src/Settings.php(59): CodeIgniter\Settings\Handlers\DatabaseHandler->has('Config\\Auth', 'sessionConfig', NULL)
#7 /var/www/html/vendor/codeigniter4/settings/src/Helpers/setting_helper.php(25): CodeIgniter\Settings\Settings->get('Auth.sessionCon...')
#8 /var/www/html/vendor/codeigniter4/shield/src/Authentication/Authenticators/Session.php(689): setting('Auth.sessionCon...')
#9 /var/www/html/vendor/codeigniter4/shield/src/Authentication/Authenticators/Session.php(707): CodeIgniter\Shield\Authentication\Authenticators\Session->getSessionUserInfo()
#10 /var/www/html/vendor/codeigniter4/shield/src/Authentication/Authenticators/Session.php(394): CodeIgniter\Shield\Authentication\Authenticators\Session->getSessionKey('id')
#11 /var/www/html/vendor/codeigniter4/shield/src/Authentication/Authenticators/Session.php(378): CodeIgniter\Shield\Authentication\Authenticators\Session->checkUserState()
#12 /var/www/html/vendor/codeigniter4/shield/src/Auth.php(165): CodeIgniter\Shield\Authentication\Authenticators\Session->loggedIn()
#13 /var/www/html/vendor/codeigniter4/shield/src/Controllers/LoginController.php(28): CodeIgniter\Shield\Auth->__call('loggedIn', Array)
#14 /var/www/html/system/CodeIgniter.php(934): CodeIgniter\Shield\Controllers\LoginController->loginView()
#15 /var/www/html/system/CodeIgniter.php(499): CodeIgniter\CodeIgniter->runController(Object(App\Controllers\Auth\Login))
#16 /var/www/html/system/CodeIgniter.php(368): CodeIgniter\CodeIgniter->handleRequest(NULL, Object(Config\Cache), false)
#17 /var/www/html/public/index.php(67): CodeIgniter\CodeIgniter->run()
#18 {main}

Next CodeIgniter\Database\Exceptions\DatabaseException: Unknown database 'control_escolar' in /var/www/html/system/Database/MySQLi/Connection.php:218
Stack trace:
#0 /var/www/html/system/Database/BaseConnection.php(391): CodeIgniter\Database\MySQLi\Connection->connect(false)
#1 /var/www/html/system/Database/BaseConnection.php(574): CodeIgniter\Database\BaseConnection->initialize()
#2 /var/www/html/system/Database/BaseBuilder.php(1616): CodeIgniter\Database\BaseConnection->query('SELECT *\nFROM `...', Array, false)
#3 /var/www/html/vendor/codeigniter4/settings/src/Handlers/DatabaseHandler.php(173): CodeIgniter\Database\BaseBuilder->get()
#4 /var/www/html/vendor/codeigniter4/settings/src/Handlers/DatabaseHandler.php(51): CodeIgniter\Settings\Handlers\DatabaseHandler->hydrate(NULL)
#5 /var/www/html/vendor/codeigniter4/settings/src/Settings.php(59): CodeIgniter\Settings\Handlers\DatabaseHandler->has('Config\\Auth', 'sessionConfig', NULL)
#6 /var/www/html/vendor/codeigniter4/settings/src/Helpers/setting_helper.php(25): CodeIgniter\Settings\Settings->get('Auth.sessionCon...')
#7 /var/www/html/vendor/codeigniter4/shield/src/Authentication/Authenticators/Session.php(689): setting('Auth.sessionCon...')
#8 /var/www/html/vendor/codeigniter4/shield/src/Authentication/Authenticators/Session.php(707): CodeIgniter\Shield\Authentication\Authenticators\Session->getSessionUserInfo()
#9 /var/www/html/vendor/codeigniter4/shield/src/Authentication/Authenticators/Session.php(394): CodeIgniter\Shield\Authentication\Authenticators\Session->getSessionKey('id')
#10 /var/www/html/vendor/codeigniter4/shield/src/Authentication/Authenticators/Session.php(378): CodeIgniter\Shield\Authentication\Authenticators\Session->checkUserState()
#11 /var/www/html/vendor/codeigniter4/shield/src/Auth.php(165): CodeIgniter\Shield\Authentication\Authenticators\Session->loggedIn()
#12 /var/www/html/vendor/codeigniter4/shield/src/Controllers/LoginController.php(28): CodeIgniter\Shield\Auth->__call('loggedIn', Array)
#13 /var/www/html/system/CodeIgniter.php(934): CodeIgniter\Shield\Controllers\LoginController->loginView()
#14 /var/www/html/system/CodeIgniter.php(499): CodeIgniter\CodeIgniter->runController(Object(App\Controllers\Auth\Login))
#15 /var/www/html/system/CodeIgniter.php(368): CodeIgniter\CodeIgniter->handleRequest(NULL, Object(Config\Cache), false)
#16 /var/www/html/public/index.php(67): CodeIgniter\CodeIgniter->run()
#17 {main}
CRITICAL - 2023-06-24 19:57:05 --> Unable to connect to the database.
Main connection [MySQLi]: Unknown database 'control_escolar'
in SYSTEMPATH/Database/BaseConnection.php on line 427.
 1 SYSTEMPATH/Database/BaseConnection.php(574): CodeIgniter\Database\BaseConnection->initialize()
 2 SYSTEMPATH/Database/BaseBuilder.php(1616): CodeIgniter\Database\BaseConnection->query('SELECT *
FROM `settings`
WHERE `context` IS NULL', [], false)
 3 VENDORPATH/codeigniter4/settings/src/Handlers/DatabaseHandler.php(173): CodeIgniter\Database\BaseBuilder->get()
 4 VENDORPATH/codeigniter4/settings/src/Handlers/DatabaseHandler.php(51): CodeIgniter\Settings\Handlers\DatabaseHandler->hydrate(null)
 5 VENDORPATH/codeigniter4/settings/src/Settings.php(59): CodeIgniter\Settings\Handlers\DatabaseHandler->has('Config\\Auth', 'sessionConfig', null)
 6 VENDORPATH/codeigniter4/settings/src/Helpers/setting_helper.php(25): CodeIgniter\Settings\Settings->get('Auth.sessionConfig')
 7 VENDORPATH/codeigniter4/shield/src/Authentication/Authenticators/Session.php(689): setting('Auth.sessionConfig')
 8 VENDORPATH/codeigniter4/shield/src/Authentication/Authenticators/Session.php(707): CodeIgniter\Shield\Authentication\Authenticators\Session->getSessionUserInfo()
 9 VENDORPATH/codeigniter4/shield/src/Authentication/Authenticators/Session.php(394): CodeIgniter\Shield\Authentication\Authenticators\Session->getSessionKey('id')
10 VENDORPATH/codeigniter4/shield/src/Authentication/Authenticators/Session.php(378): CodeIgniter\Shield\Authentication\Authenticators\Session->checkUserState()
11 VENDORPATH/codeigniter4/shield/src/Auth.php(165): CodeIgniter\Shield\Authentication\Authenticators\Session->loggedIn()
12 VENDORPATH/codeigniter4/shield/src/Controllers/LoginController.php(28): CodeIgniter\Shield\Auth->__call('loggedIn', [])
13 SYSTEMPATH/CodeIgniter.php(934): CodeIgniter\Shield\Controllers\LoginController->loginView()
14 SYSTEMPATH/CodeIgniter.php(499): CodeIgniter\CodeIgniter->runController(Object(App\Controllers\Auth\Login))
15 SYSTEMPATH/CodeIgniter.php(368): CodeIgniter\CodeIgniter->handleRequest(null, Object(Config\Cache), false)
16 FCPATH/index.php(67): CodeIgniter\CodeIgniter->run()
CRITICAL - 2023-06-24 19:57:05 --> Unable to connect to the database.
Main connection [MySQLi]: Unknown database 'control_escolar'
in SYSTEMPATH/Database/BaseConnection.php on line 427.
 1 SYSTEMPATH/Database/BaseConnection.php(574): CodeIgniter\Database\BaseConnection->initialize()
 2 SYSTEMPATH/Database/BaseBuilder.php(1616): CodeIgniter\Database\BaseConnection->query('SELECT *
FROM `settings`
WHERE `context` IS NULL', [], false)
 3 VENDORPATH/codeigniter4/settings/src/Handlers/DatabaseHandler.php(173): CodeIgniter\Database\BaseBuilder->get()
 4 VENDORPATH/codeigniter4/settings/src/Handlers/DatabaseHandler.php(51): CodeIgniter\Settings\Handlers\DatabaseHandler->hydrate(null)
 5 VENDORPATH/codeigniter4/settings/src/Settings.php(59): CodeIgniter\Settings\Handlers\DatabaseHandler->has('Config\\Auth', 'sessionConfig', null)
 6 VENDORPATH/codeigniter4/settings/src/Helpers/setting_helper.php(25): CodeIgniter\Settings\Settings->get('Auth.sessionConfig')
 7 VENDORPATH/codeigniter4/shield/src/Authentication/Authenticators/Session.php(689): setting('Auth.sessionConfig')
 8 VENDORPATH/codeigniter4/shield/src/Authentication/Authenticators/Session.php(707): CodeIgniter\Shield\Authentication\Authenticators\Session->getSessionUserInfo()
 9 VENDORPATH/codeigniter4/shield/src/Authentication/Authenticators/Session.php(394): CodeIgniter\Shield\Authentication\Authenticators\Session->getSessionKey('id')
10 VENDORPATH/codeigniter4/shield/src/Authentication/Authenticators/Session.php(378): CodeIgniter\Shield\Authentication\Authenticators\Session->checkUserState()
11 VENDORPATH/codeigniter4/shield/src/Auth.php(165): CodeIgniter\Shield\Authentication\Authenticators\Session->loggedIn()
12 VENDORPATH/codeigniter4/shield/src/Controllers/LoginController.php(28): CodeIgniter\Shield\Auth->__call('loggedIn', [])
13 SYSTEMPATH/CodeIgniter.php(934): CodeIgniter\Shield\Controllers\LoginController->loginView()
14 SYSTEMPATH/CodeIgniter.php(499): CodeIgniter\CodeIgniter->runController(Object(App\Controllers\Auth\Login))
15 SYSTEMPATH/CodeIgniter.php(368): CodeIgniter\CodeIgniter->handleRequest(null, Object(Config\Cache), false)
16 FCPATH/index.php(67): CodeIgniter\CodeIgniter->run()
INFO - 2023-06-24 19:57:06 --> Session: Class initialized using 'CodeIgniter\Session\Handlers\FileHandler' driver.
ERROR - 2023-06-24 19:57:06 --> Error connecting to the database: mysqli_sql_exception: Unknown database 'control_escolar' in /var/www/html/system/Database/MySQLi/Connection.php:173
Stack trace:
#0 /var/www/html/system/Database/MySQLi/Connection.php(173): mysqli->real_connect('db_correcaminos', 'root', Object(SensitiveParameterValue), 'control_escolar', NULL, '', 0)
#1 /var/www/html/system/Database/BaseConnection.php(391): CodeIgniter\Database\MySQLi\Connection->connect(false)
#2 /var/www/html/system/Database/BaseConnection.php(574): CodeIgniter\Database\BaseConnection->initialize()
#3 /var/www/html/system/Database/BaseBuilder.php(1616): CodeIgniter\Database\BaseConnection->query('SELECT *\nFROM `...', Array, false)
#4 /var/www/html/vendor/codeigniter4/settings/src/Handlers/DatabaseHandler.php(173): CodeIgniter\Database\BaseBuilder->get()
#5 /var/www/html/vendor/codeigniter4/settings/src/Handlers/DatabaseHandler.php(51): CodeIgniter\Settings\Handlers\DatabaseHandler->hydrate(NULL)
#6 /var/www/html/vendor/codeigniter4/settings/src/Settings.php(59): CodeIgniter\Settings\Handlers\DatabaseHandler->has('Config\\Auth', 'sessionConfig', NULL)
#7 /var/www/html/vendor/codeigniter4/settings/src/Helpers/setting_helper.php(25): CodeIgniter\Settings\Settings->get('Auth.sessionCon...')
#8 /var/www/html/vendor/codeigniter4/shield/src/Authentication/Authenticators/Session.php(689): setting('Auth.sessionCon...')
#9 /var/www/html/vendor/codeigniter4/shield/src/Authentication/Authenticators/Session.php(707): CodeIgniter\Shield\Authentication\Authenticators\Session->getSessionUserInfo()
#10 /var/www/html/vendor/codeigniter4/shield/src/Authentication/Authenticators/Session.php(394): CodeIgniter\Shield\Authentication\Authenticators\Session->getSessionKey('id')
#11 /var/www/html/vendor/codeigniter4/shield/src/Authentication/Authenticators/Session.php(378): CodeIgniter\Shield\Authentication\Authenticators\Session->checkUserState()
#12 /var/www/html/vendor/codeigniter4/shield/src/Auth.php(165): CodeIgniter\Shield\Authentication\Authenticators\Session->loggedIn()
#13 /var/www/html/vendor/codeigniter4/shield/src/Controllers/LoginController.php(28): CodeIgniter\Shield\Auth->__call('loggedIn', Array)
#14 /var/www/html/system/CodeIgniter.php(934): CodeIgniter\Shield\Controllers\LoginController->loginView()
#15 /var/www/html/system/CodeIgniter.php(499): CodeIgniter\CodeIgniter->runController(Object(App\Controllers\Auth\Login))
#16 /var/www/html/system/CodeIgniter.php(368): CodeIgniter\CodeIgniter->handleRequest(NULL, Object(Config\Cache), false)
#17 /var/www/html/public/index.php(67): CodeIgniter\CodeIgniter->run()
#18 {main}

Next CodeIgniter\Database\Exceptions\DatabaseException: Unknown database 'control_escolar' in /var/www/html/system/Database/MySQLi/Connection.php:218
Stack trace:
#0 /var/www/html/system/Database/BaseConnection.php(391): CodeIgniter\Database\MySQLi\Connection->connect(false)
#1 /var/www/html/system/Database/BaseConnection.php(574): CodeIgniter\Database\BaseConnection->initialize()
#2 /var/www/html/system/Database/BaseBuilder.php(1616): CodeIgniter\Database\BaseConnection->query('SELECT *\nFROM `...', Array, false)
#3 /var/www/html/vendor/codeigniter4/settings/src/Handlers/DatabaseHandler.php(173): CodeIgniter\Database\BaseBuilder->get()
#4 /var/www/html/vendor/codeigniter4/settings/src/Handlers/DatabaseHandler.php(51): CodeIgniter\Settings\Handlers\DatabaseHandler->hydrate(NULL)
#5 /var/www/html/vendor/codeigniter4/settings/src/Settings.php(59): CodeIgniter\Settings\Handlers\DatabaseHandler->has('Config\\Auth', 'sessionConfig', NULL)
#6 /var/www/html/vendor/codeigniter4/settings/src/Helpers/setting_helper.php(25): CodeIgniter\Settings\Settings->get('Auth.sessionCon...')
#7 /var/www/html/vendor/codeigniter4/shield/src/Authentication/Authenticators/Session.php(689): setting('Auth.sessionCon...')
#8 /var/www/html/vendor/codeigniter4/shield/src/Authentication/Authenticators/Session.php(707): CodeIgniter\Shield\Authentication\Authenticators\Session->getSessionUserInfo()
#9 /var/www/html/vendor/codeigniter4/shield/src/Authentication/Authenticators/Session.php(394): CodeIgniter\Shield\Authentication\Authenticators\Session->getSessionKey('id')
#10 /var/www/html/vendor/codeigniter4/shield/src/Authentication/Authenticators/Session.php(378): CodeIgniter\Shield\Authentication\Authenticators\Session->checkUserState()
#11 /var/www/html/vendor/codeigniter4/shield/src/Auth.php(165): CodeIgniter\Shield\Authentication\Authenticators\Session->loggedIn()
#12 /var/www/html/vendor/codeigniter4/shield/src/Controllers/LoginController.php(28): CodeIgniter\Shield\Auth->__call('loggedIn', Array)
#13 /var/www/html/system/CodeIgniter.php(934): CodeIgniter\Shield\Controllers\LoginController->loginView()
#14 /var/www/html/system/CodeIgniter.php(499): CodeIgniter\CodeIgniter->runController(Object(App\Controllers\Auth\Login))
#15 /var/www/html/system/CodeIgniter.php(368): CodeIgniter\CodeIgniter->handleRequest(NULL, Object(Config\Cache), false)
#16 /var/www/html/public/index.php(67): CodeIgniter\CodeIgniter->run()
#17 {main}
CRITICAL - 2023-06-24 19:57:06 --> Unable to connect to the database.
Main connection [MySQLi]: Unknown database 'control_escolar'
in SYSTEMPATH/Database/BaseConnection.php on line 427.
 1 SYSTEMPATH/Database/BaseConnection.php(574): CodeIgniter\Database\BaseConnection->initialize()
 2 SYSTEMPATH/Database/BaseBuilder.php(1616): CodeIgniter\Database\BaseConnection->query('SELECT *
FROM `settings`
WHERE `context` IS NULL', [], false)
 3 VENDORPATH/codeigniter4/settings/src/Handlers/DatabaseHandler.php(173): CodeIgniter\Database\BaseBuilder->get()
 4 VENDORPATH/codeigniter4/settings/src/Handlers/DatabaseHandler.php(51): CodeIgniter\Settings\Handlers\DatabaseHandler->hydrate(null)
 5 VENDORPATH/codeigniter4/settings/src/Settings.php(59): CodeIgniter\Settings\Handlers\DatabaseHandler->has('Config\\Auth', 'sessionConfig', null)
 6 VENDORPATH/codeigniter4/settings/src/Helpers/setting_helper.php(25): CodeIgniter\Settings\Settings->get('Auth.sessionConfig')
 7 VENDORPATH/codeigniter4/shield/src/Authentication/Authenticators/Session.php(689): setting('Auth.sessionConfig')
 8 VENDORPATH/codeigniter4/shield/src/Authentication/Authenticators/Session.php(707): CodeIgniter\Shield\Authentication\Authenticators\Session->getSessionUserInfo()
 9 VENDORPATH/codeigniter4/shield/src/Authentication/Authenticators/Session.php(394): CodeIgniter\Shield\Authentication\Authenticators\Session->getSessionKey('id')
10 VENDORPATH/codeigniter4/shield/src/Authentication/Authenticators/Session.php(378): CodeIgniter\Shield\Authentication\Authenticators\Session->checkUserState()
11 VENDORPATH/codeigniter4/shield/src/Auth.php(165): CodeIgniter\Shield\Authentication\Authenticators\Session->loggedIn()
12 VENDORPATH/codeigniter4/shield/src/Controllers/LoginController.php(28): CodeIgniter\Shield\Auth->__call('loggedIn', [])
13 SYSTEMPATH/CodeIgniter.php(934): CodeIgniter\Shield\Controllers\LoginController->loginView()
14 SYSTEMPATH/CodeIgniter.php(499): CodeIgniter\CodeIgniter->runController(Object(App\Controllers\Auth\Login))
15 SYSTEMPATH/CodeIgniter.php(368): CodeIgniter\CodeIgniter->handleRequest(null, Object(Config\Cache), false)
16 FCPATH/index.php(67): CodeIgniter\CodeIgniter->run()
INFO - 2023-06-24 19:57:07 --> Session: Class initialized using 'CodeIgniter\Session\Handlers\FileHandler' driver.
ERROR - 2023-06-24 19:57:07 --> Error connecting to the database: mysqli_sql_exception: Unknown database 'control_escolar' in /var/www/html/system/Database/MySQLi/Connection.php:173
Stack trace:
#0 /var/www/html/system/Database/MySQLi/Connection.php(173): mysqli->real_connect('db_correcaminos', 'root', Object(SensitiveParameterValue), 'control_escolar', NULL, '', 0)
#1 /var/www/html/system/Database/BaseConnection.php(391): CodeIgniter\Database\MySQLi\Connection->connect(false)
#2 /var/www/html/system/Database/BaseConnection.php(574): CodeIgniter\Database\BaseConnection->initialize()
#3 /var/www/html/system/Database/BaseBuilder.php(1616): CodeIgniter\Database\BaseConnection->query('SELECT *\nFROM `...', Array, false)
#4 /var/www/html/vendor/codeigniter4/settings/src/Handlers/DatabaseHandler.php(173): CodeIgniter\Database\BaseBuilder->get()
#5 /var/www/html/vendor/codeigniter4/settings/src/Handlers/DatabaseHandler.php(51): CodeIgniter\Settings\Handlers\DatabaseHandler->hydrate(NULL)
#6 /var/www/html/vendor/codeigniter4/settings/src/Settings.php(59): CodeIgniter\Settings\Handlers\DatabaseHandler->has('Config\\Auth', 'sessionConfig', NULL)
#7 /var/www/html/vendor/codeigniter4/settings/src/Helpers/setting_helper.php(25): CodeIgniter\Settings\Settings->get('Auth.sessionCon...')
#8 /var/www/html/vendor/codeigniter4/shield/src/Authentication/Authenticators/Session.php(689): setting('Auth.sessionCon...')
#9 /var/www/html/vendor/codeigniter4/shield/src/Authentication/Authenticators/Session.php(707): CodeIgniter\Shield\Authentication\Authenticators\Session->getSessionUserInfo()
#10 /var/www/html/vendor/codeigniter4/shield/src/Authentication/Authenticators/Session.php(394): CodeIgniter\Shield\Authentication\Authenticators\Session->getSessionKey('id')
#11 /var/www/html/vendor/codeigniter4/shield/src/Authentication/Authenticators/Session.php(378): CodeIgniter\Shield\Authentication\Authenticators\Session->checkUserState()
#12 /var/www/html/vendor/codeigniter4/shield/src/Auth.php(165): CodeIgniter\Shield\Authentication\Authenticators\Session->loggedIn()
#13 /var/www/html/vendor/codeigniter4/shield/src/Controllers/LoginController.php(28): CodeIgniter\Shield\Auth->__call('loggedIn', Array)
#14 /var/www/html/system/CodeIgniter.php(934): CodeIgniter\Shield\Controllers\LoginController->loginView()
#15 /var/www/html/system/CodeIgniter.php(499): CodeIgniter\CodeIgniter->runController(Object(App\Controllers\Auth\Login))
#16 /var/www/html/system/CodeIgniter.php(368): CodeIgniter\CodeIgniter->handleRequest(NULL, Object(Config\Cache), false)
#17 /var/www/html/public/index.php(67): CodeIgniter\CodeIgniter->run()
#18 {main}

Next CodeIgniter\Database\Exceptions\DatabaseException: Unknown database 'control_escolar' in /var/www/html/system/Database/MySQLi/Connection.php:218
Stack trace:
#0 /var/www/html/system/Database/BaseConnection.php(391): CodeIgniter\Database\MySQLi\Connection->connect(false)
#1 /var/www/html/system/Database/BaseConnection.php(574): CodeIgniter\Database\BaseConnection->initialize()
#2 /var/www/html/system/Database/BaseBuilder.php(1616): CodeIgniter\Database\BaseConnection->query('SELECT *\nFROM `...', Array, false)
#3 /var/www/html/vendor/codeigniter4/settings/src/Handlers/DatabaseHandler.php(173): CodeIgniter\Database\BaseBuilder->get()
#4 /var/www/html/vendor/codeigniter4/settings/src/Handlers/DatabaseHandler.php(51): CodeIgniter\Settings\Handlers\DatabaseHandler->hydrate(NULL)
#5 /var/www/html/vendor/codeigniter4/settings/src/Settings.php(59): CodeIgniter\Settings\Handlers\DatabaseHandler->has('Config\\Auth', 'sessionConfig', NULL)
#6 /var/www/html/vendor/codeigniter4/settings/src/Helpers/setting_helper.php(25): CodeIgniter\Settings\Settings->get('Auth.sessionCon...')
#7 /var/www/html/vendor/codeigniter4/shield/src/Authentication/Authenticators/Session.php(689): setting('Auth.sessionCon...')
#8 /var/www/html/vendor/codeigniter4/shield/src/Authentication/Authenticators/Session.php(707): CodeIgniter\Shield\Authentication\Authenticators\Session->getSessionUserInfo()
#9 /var/www/html/vendor/codeigniter4/shield/src/Authentication/Authenticators/Session.php(394): CodeIgniter\Shield\Authentication\Authenticators\Session->getSessionKey('id')
#10 /var/www/html/vendor/codeigniter4/shield/src/Authentication/Authenticators/Session.php(378): CodeIgniter\Shield\Authentication\Authenticators\Session->checkUserState()
#11 /var/www/html/vendor/codeigniter4/shield/src/Auth.php(165): CodeIgniter\Shield\Authentication\Authenticators\Session->loggedIn()
#12 /var/www/html/vendor/codeigniter4/shield/src/Controllers/LoginController.php(28): CodeIgniter\Shield\Auth->__call('loggedIn', Array)
#13 /var/www/html/system/CodeIgniter.php(934): CodeIgniter\Shield\Controllers\LoginController->loginView()
#14 /var/www/html/system/CodeIgniter.php(499): CodeIgniter\CodeIgniter->runController(Object(App\Controllers\Auth\Login))
#15 /var/www/html/system/CodeIgniter.php(368): CodeIgniter\CodeIgniter->handleRequest(NULL, Object(Config\Cache), false)
#16 /var/www/html/public/index.php(67): CodeIgniter\CodeIgniter->run()
#17 {main}
CRITICAL - 2023-06-24 19:57:07 --> Unable to connect to the database.
Main connection [MySQLi]: Unknown database 'control_escolar'
in SYSTEMPATH/Database/BaseConnection.php on line 427.
 1 SYSTEMPATH/Database/BaseConnection.php(574): CodeIgniter\Database\BaseConnection->initialize()
 2 SYSTEMPATH/Database/BaseBuilder.php(1616): CodeIgniter\Database\BaseConnection->query('SELECT *
FROM `settings`
WHERE `context` IS NULL', [], false)
 3 VENDORPATH/codeigniter4/settings/src/Handlers/DatabaseHandler.php(173): CodeIgniter\Database\BaseBuilder->get()
 4 VENDORPATH/codeigniter4/settings/src/Handlers/DatabaseHandler.php(51): CodeIgniter\Settings\Handlers\DatabaseHandler->hydrate(null)
 5 VENDORPATH/codeigniter4/settings/src/Settings.php(59): CodeIgniter\Settings\Handlers\DatabaseHandler->has('Config\\Auth', 'sessionConfig', null)
 6 VENDORPATH/codeigniter4/settings/src/Helpers/setting_helper.php(25): CodeIgniter\Settings\Settings->get('Auth.sessionConfig')
 7 VENDORPATH/codeigniter4/shield/src/Authentication/Authenticators/Session.php(689): setting('Auth.sessionConfig')
 8 VENDORPATH/codeigniter4/shield/src/Authentication/Authenticators/Session.php(707): CodeIgniter\Shield\Authentication\Authenticators\Session->getSessionUserInfo()
 9 VENDORPATH/codeigniter4/shield/src/Authentication/Authenticators/Session.php(394): CodeIgniter\Shield\Authentication\Authenticators\Session->getSessionKey('id')
10 VENDORPATH/codeigniter4/shield/src/Authentication/Authenticators/Session.php(378): CodeIgniter\Shield\Authentication\Authenticators\Session->checkUserState()
11 VENDORPATH/codeigniter4/shield/src/Auth.php(165): CodeIgniter\Shield\Authentication\Authenticators\Session->loggedIn()
12 VENDORPATH/codeigniter4/shield/src/Controllers/LoginController.php(28): CodeIgniter\Shield\Auth->__call('loggedIn', [])
13 SYSTEMPATH/CodeIgniter.php(934): CodeIgniter\Shield\Controllers\LoginController->loginView()
14 SYSTEMPATH/CodeIgniter.php(499): CodeIgniter\CodeIgniter->runController(Object(App\Controllers\Auth\Login))
15 SYSTEMPATH/CodeIgniter.php(368): CodeIgniter\CodeIgniter->handleRequest(null, Object(Config\Cache), false)
16 FCPATH/index.php(67): CodeIgniter\CodeIgniter->run()
ERROR - 2023-06-24 19:57:09 --> Error connecting to the database: mysqli_sql_exception: Unknown database 'control_escolar' in /var/www/html/system/Database/MySQLi/Connection.php:173
Stack trace:
#0 /var/www/html/system/Database/MySQLi/Connection.php(173): mysqli->real_connect('db_correcaminos', 'root', Object(SensitiveParameterValue), 'control_escolar', NULL, '', 0)
#1 /var/www/html/system/Database/BaseConnection.php(391): CodeIgniter\Database\MySQLi\Connection->connect(false)
#2 /var/www/html/system/Database/BaseConnection.php(574): CodeIgniter\Database\BaseConnection->initialize()
#3 /var/www/html/system/Database/BaseBuilder.php(1616): CodeIgniter\Database\BaseConnection->query('SELECT *\nFROM `...', Array, false)
#4 /var/www/html/vendor/codeigniter4/settings/src/Handlers/DatabaseHandler.php(173): CodeIgniter\Database\BaseBuilder->get()
#5 /var/www/html/vendor/codeigniter4/settings/src/Handlers/DatabaseHandler.php(51): CodeIgniter\Settings\Handlers\DatabaseHandler->hydrate(NULL)
#6 /var/www/html/vendor/codeigniter4/settings/src/Settings.php(59): CodeIgniter\Settings\Handlers\DatabaseHandler->has('Config\\Auth', 'sessionConfig', NULL)
#7 /var/www/html/vendor/codeigniter4/settings/src/Helpers/setting_helper.php(25): CodeIgniter\Settings\Settings->get('Auth.sessionCon...')
#8 /var/www/html/vendor/codeigniter4/shield/src/Authentication/Authenticators/Session.php(689): setting('Auth.sessionCon...')
#9 /var/www/html/vendor/codeigniter4/shield/src/Authentication/Authenticators/Session.php(707): CodeIgniter\Shield\Authentication\Authenticators\Session->getSessionUserInfo()
#10 /var/www/html/vendor/codeigniter4/shield/src/Authentication/Authenticators/Session.php(394): CodeIgniter\Shield\Authentication\Authenticators\Session->getSessionKey('id')
#11 /var/www/html/vendor/codeigniter4/shield/src/Authentication/Authenticators/Session.php(378): CodeIgniter\Shield\Authentication\Authenticators\Session->checkUserState()
#12 /var/www/html/vendor/codeigniter4/shield/src/Auth.php(165): CodeIgniter\Shield\Authentication\Authenticators\Session->loggedIn()
#13 /var/www/html/vendor/codeigniter4/shield/src/Controllers/LoginController.php(28): CodeIgniter\Shield\Auth->__call('loggedIn', Array)
#14 /var/www/html/system/CodeIgniter.php(934): CodeIgniter\Shield\Controllers\LoginController->loginView()
#15 /var/www/html/system/CodeIgniter.php(499): CodeIgniter\CodeIgniter->runController(Object(App\Controllers\Auth\Login))
#16 /var/www/html/system/CodeIgniter.php(368): CodeIgniter\CodeIgniter->handleRequest(NULL, Object(Config\Cache), false)
#17 /var/www/html/public/index.php(67): CodeIgniter\CodeIgniter->run()
#18 {main}

Next CodeIgniter\Database\Exceptions\DatabaseException: Unknown database 'control_escolar' in /var/www/html/system/Database/MySQLi/Connection.php:218
Stack trace:
#0 /var/www/html/system/Database/BaseConnection.php(391): CodeIgniter\Database\MySQLi\Connection->connect(false)
#1 /var/www/html/system/Database/BaseConnection.php(574): CodeIgniter\Database\BaseConnection->initialize()
#2 /var/www/html/system/Database/BaseBuilder.php(1616): CodeIgniter\Database\BaseConnection->query('SELECT *\nFROM `...', Array, false)
#3 /var/www/html/vendor/codeigniter4/settings/src/Handlers/DatabaseHandler.php(173): CodeIgniter\Database\BaseBuilder->get()
#4 /var/www/html/vendor/codeigniter4/settings/src/Handlers/DatabaseHandler.php(51): CodeIgniter\Settings\Handlers\DatabaseHandler->hydrate(NULL)
#5 /var/www/html/vendor/codeigniter4/settings/src/Settings.php(59): CodeIgniter\Settings\Handlers\DatabaseHandler->has('Config\\Auth', 'sessionConfig', NULL)
#6 /var/www/html/vendor/codeigniter4/settings/src/Helpers/setting_helper.php(25): CodeIgniter\Settings\Settings->get('Auth.sessionCon...')
#7 /var/www/html/vendor/codeigniter4/shield/src/Authentication/Authenticators/Session.php(689): setting('Auth.sessionCon...')
#8 /var/www/html/vendor/codeigniter4/shield/src/Authentication/Authenticators/Session.php(707): CodeIgniter\Shield\Authentication\Authenticators\Session->getSessionUserInfo()
#9 /var/www/html/vendor/codeigniter4/shield/src/Authentication/Authenticators/Session.php(394): CodeIgniter\Shield\Authentication\Authenticators\Session->getSessionKey('id')
#10 /var/www/html/vendor/codeigniter4/shield/src/Authentication/Authenticators/Session.php(378): CodeIgniter\Shield\Authentication\Authenticators\Session->checkUserState()
#11 /var/www/html/vendor/codeigniter4/shield/src/Auth.php(165): CodeIgniter\Shield\Authentication\Authenticators\Session->loggedIn()
#12 /var/www/html/vendor/codeigniter4/shield/src/Controllers/LoginController.php(28): CodeIgniter\Shield\Auth->__call('loggedIn', Array)
#13 /var/www/html/system/CodeIgniter.php(934): CodeIgniter\Shield\Controllers\LoginController->loginView()
#14 /var/www/html/system/CodeIgniter.php(499): CodeIgniter\CodeIgniter->runController(Object(App\Controllers\Auth\Login))
#15 /var/www/html/system/CodeIgniter.php(368): CodeIgniter\CodeIgniter->handleRequest(NULL, Object(Config\Cache), false)
#16 /var/www/html/public/index.php(67): CodeIgniter\CodeIgniter->run()
#17 {main}
CRITICAL - 2023-06-24 19:57:09 --> Unable to connect to the database.
Main connection [MySQLi]: Unknown database 'control_escolar'
in SYSTEMPATH/Database/BaseConnection.php on line 427.
 1 SYSTEMPATH/Database/BaseConnection.php(574): CodeIgniter\Database\BaseConnection->initialize()
 2 SYSTEMPATH/Database/BaseBuilder.php(1616): CodeIgniter\Database\BaseConnection->query('SELECT *
FROM `settings`
WHERE `context` IS NULL', [], false)
 3 VENDORPATH/codeigniter4/settings/src/Handlers/DatabaseHandler.php(173): CodeIgniter\Database\BaseBuilder->get()
 4 VENDORPATH/codeigniter4/settings/src/Handlers/DatabaseHandler.php(51): CodeIgniter\Settings\Handlers\DatabaseHandler->hydrate(null)
 5 VENDORPATH/codeigniter4/settings/src/Settings.php(59): CodeIgniter\Settings\Handlers\DatabaseHandler->has('Config\\Auth', 'sessionConfig', null)
 6 VENDORPATH/codeigniter4/settings/src/Helpers/setting_helper.php(25): CodeIgniter\Settings\Settings->get('Auth.sessionConfig')
 7 VENDORPATH/codeigniter4/shield/src/Authentication/Authenticators/Session.php(689): setting('Auth.sessionConfig')
 8 VENDORPATH/codeigniter4/shield/src/Authentication/Authenticators/Session.php(707): CodeIgniter\Shield\Authentication\Authenticators\Session->getSessionUserInfo()
 9 VENDORPATH/codeigniter4/shield/src/Authentication/Authenticators/Session.php(394): CodeIgniter\Shield\Authentication\Authenticators\Session->getSessionKey('id')
10 VENDORPATH/codeigniter4/shield/src/Authentication/Authenticators/Session.php(378): CodeIgniter\Shield\Authentication\Authenticators\Session->checkUserState()
11 VENDORPATH/codeigniter4/shield/src/Auth.php(165): CodeIgniter\Shield\Authentication\Authenticators\Session->loggedIn()
12 VENDORPATH/codeigniter4/shield/src/Controllers/LoginController.php(28): CodeIgniter\Shield\Auth->__call('loggedIn', [])
13 SYSTEMPATH/CodeIgniter.php(934): CodeIgniter\Shield\Controllers\LoginController->loginView()
14 SYSTEMPATH/CodeIgniter.php(499): CodeIgniter\CodeIgniter->runController(Object(App\Controllers\Auth\Login))
15 SYSTEMPATH/CodeIgniter.php(368): CodeIgniter\CodeIgniter->handleRequest(null, Object(Config\Cache), false)
16 FCPATH/index.php(67): CodeIgniter\CodeIgniter->run()
INFO - 2023-06-24 20:02:26 --> Session: Class initialized using 'CodeIgniter\Session\Handlers\FileHandler' driver.
INFO - 2023-06-24 20:03:05 --> Session: Class initialized using 'CodeIgniter\Session\Handlers\FileHandler' driver.
