INFO - 2023-06-16 04:07:08 --> Session: Class initialized using 'CodeIgniter\Session\Handlers\FileHandler' driver.
INFO - 2023-06-16 04:07:08 --> Session: Class initialized using 'CodeIgniter\Session\Handlers\FileHandler' driver.
INFO - 2023-06-16 04:07:24 --> Session: Class initialized using 'CodeIgniter\Session\Handlers\FileHandler' driver.
INFO - 2023-06-16 04:07:25 --> Session: Class initialized using 'CodeIgniter\Session\Handlers\FileHandler' driver.
INFO - 2023-06-16 04:07:26 --> Session: Class initialized using 'CodeIgniter\Session\Handlers\FileHandler' driver.
INFO - 2023-06-16 04:07:26 --> Session: Class initialized using 'CodeIgniter\Session\Handlers\FileHandler' driver.
INFO - 2023-06-16 04:10:56 --> Session: Class initialized using 'CodeIgniter\Session\Handlers\FileHandler' driver.
INFO - 2023-06-16 04:10:57 --> Session: Class initialized using 'CodeIgniter\Session\Handlers\FileHandler' driver.
INFO - 2023-06-16 04:20:03 --> Session: Class initialized using 'CodeIgniter\Session\Handlers\FileHandler' driver.
INFO - 2023-06-16 04:20:03 --> Session: Class initialized using 'CodeIgniter\Session\Handlers\FileHandler' driver.
INFO - 2023-06-16 04:21:15 --> Session: Class initialized using 'CodeIgniter\Session\Handlers\FileHandler' driver.
INFO - 2023-06-16 04:21:15 --> Session: Class initialized using 'CodeIgniter\Session\Handlers\FileHandler' driver.
INFO - 2023-06-16 04:21:40 --> Session: Class initialized using 'CodeIgniter\Session\Handlers\FileHandler' driver.
INFO - 2023-06-16 04:21:41 --> Session: Class initialized using 'CodeIgniter\Session\Handlers\FileHandler' driver.
INFO - 2023-06-16 04:21:42 --> Session: Class initialized using 'CodeIgniter\Session\Handlers\FileHandler' driver.
INFO - 2023-06-16 04:21:42 --> Session: Class initialized using 'CodeIgniter\Session\Handlers\FileHandler' driver.
INFO - 2023-06-16 04:21:43 --> Session: Class initialized using 'CodeIgniter\Session\Handlers\FileHandler' driver.
INFO - 2023-06-16 04:21:43 --> Session: Class initialized using 'CodeIgniter\Session\Handlers\FileHandler' driver.
INFO - 2023-06-16 04:22:45 --> Session: Class initialized using 'CodeIgniter\Session\Handlers\FileHandler' driver.
INFO - 2023-06-16 04:22:45 --> Session: Class initialized using 'CodeIgniter\Session\Handlers\FileHandler' driver.
INFO - 2023-06-16 04:23:03 --> Session: Class initialized using 'CodeIgniter\Session\Handlers\FileHandler' driver.
INFO - 2023-06-16 04:23:03 --> Session: Class initialized using 'CodeIgniter\Session\Handlers\FileHandler' driver.
INFO - 2023-06-16 04:23:11 --> Session: Class initialized using 'CodeIgniter\Session\Handlers\FileHandler' driver.
INFO - 2023-06-16 04:23:11 --> Session: Class initialized using 'CodeIgniter\Session\Handlers\FileHandler' driver.
INFO - 2023-06-16 04:25:35 --> Session: Class initialized using 'CodeIgniter\Session\Handlers\FileHandler' driver.
INFO - 2023-06-16 04:25:35 --> Session: Class initialized using 'CodeIgniter\Session\Handlers\FileHandler' driver.
INFO - 2023-06-16 05:03:46 --> Session: Class initialized using 'CodeIgniter\Session\Handlers\FileHandler' driver.
INFO - 2023-06-16 05:03:46 --> Session: Class initialized using 'CodeIgniter\Session\Handlers\FileHandler' driver.
INFO - 2023-06-16 05:03:55 --> Session: Class initialized using 'CodeIgniter\Session\Handlers\FileHandler' driver.
INFO - 2023-06-16 05:03:56 --> Session: Class initialized using 'CodeIgniter\Session\Handlers\FileHandler' driver.
INFO - 2023-06-16 05:03:58 --> Session: Class initialized using 'CodeIgniter\Session\Handlers\FileHandler' driver.
INFO - 2023-06-16 05:03:58 --> Session: Class initialized using 'CodeIgniter\Session\Handlers\FileHandler' driver.
INFO - 2023-06-16 05:03:59 --> Session: Class initialized using 'CodeIgniter\Session\Handlers\FileHandler' driver.
INFO - 2023-06-16 05:03:59 --> Session: Class initialized using 'CodeIgniter\Session\Handlers\FileHandler' driver.
INFO - 2023-06-16 05:04:03 --> Session: Class initialized using 'CodeIgniter\Session\Handlers\FileHandler' driver.
INFO - 2023-06-16 05:04:03 --> Session: Class initialized using 'CodeIgniter\Session\Handlers\FileHandler' driver.
INFO - 2023-06-16 05:04:08 --> Session: Class initialized using 'CodeIgniter\Session\Handlers\FileHandler' driver.
INFO - 2023-06-16 05:04:08 --> Session: Class initialized using 'CodeIgniter\Session\Handlers\FileHandler' driver.
INFO - 2023-06-16 05:04:08 --> Session: Class initialized using 'CodeIgniter\Session\Handlers\FileHandler' driver.
INFO - 2023-06-16 17:59:35 --> Session: Class initialized using 'CodeIgniter\Session\Handlers\FileHandler' driver.
INFO - 2023-06-16 17:59:35 --> Session: Class initialized using 'CodeIgniter\Session\Handlers\FileHandler' driver.
INFO - 2023-06-16 17:59:37 --> Session: Class initialized using 'CodeIgniter\Session\Handlers\FileHandler' driver.
INFO - 2023-06-16 17:59:38 --> Session: Class initialized using 'CodeIgniter\Session\Handlers\FileHandler' driver.
INFO - 2023-06-16 17:59:49 --> Session: Class initialized using 'CodeIgniter\Session\Handlers\FileHandler' driver.
INFO - 2023-06-16 17:59:49 --> Session: Class initialized using 'CodeIgniter\Session\Handlers\FileHandler' driver.
INFO - 2023-06-16 18:00:22 --> Session: Class initialized using 'CodeIgniter\Session\Handlers\FileHandler' driver.
INFO - 2023-06-16 18:00:22 --> Session: Class initialized using 'CodeIgniter\Session\Handlers\FileHandler' driver.
INFO - 2023-06-16 18:00:24 --> Session: Class initialized using 'CodeIgniter\Session\Handlers\FileHandler' driver.
INFO - 2023-06-16 18:00:24 --> Session: Class initialized using 'CodeIgniter\Session\Handlers\FileHandler' driver.
INFO - 2023-06-16 18:00:40 --> Session: Class initialized using 'CodeIgniter\Session\Handlers\FileHandler' driver.
INFO - 2023-06-16 18:00:40 --> Session: Class initialized using 'CodeIgniter\Session\Handlers\FileHandler' driver.
INFO - 2023-06-16 18:00:52 --> Session: Class initialized using 'CodeIgniter\Session\Handlers\FileHandler' driver.
INFO - 2023-06-16 18:00:53 --> Session: Class initialized using 'CodeIgniter\Session\Handlers\FileHandler' driver.
INFO - 2023-06-16 18:02:14 --> Session: Class initialized using 'CodeIgniter\Session\Handlers\FileHandler' driver.
INFO - 2023-06-16 18:02:15 --> Session: Class initialized using 'CodeIgniter\Session\Handlers\FileHandler' driver.
INFO - 2023-06-16 18:02:18 --> Session: Class initialized using 'CodeIgniter\Session\Handlers\FileHandler' driver.
INFO - 2023-06-16 18:02:18 --> Session: Class initialized using 'CodeIgniter\Session\Handlers\FileHandler' driver.
CRITICAL - 2023-06-16 18:19:10 --> syntax error, unexpected token "=>", expecting "]"
in APPPATH/Config/Routes.php on line 50.
 1 SYSTEMPATH/CodeIgniter.php(802): CodeIgniter\Router\RouteCollection->loadRoutes()
 2 SYSTEMPATH/CodeIgniter.php(449): CodeIgniter\CodeIgniter->tryToRouteIt(null)
 3 SYSTEMPATH/CodeIgniter.php(368): CodeIgniter\CodeIgniter->handleRequest(null, Object(Config\Cache), false)
 4 FCPATH/index.php(67): CodeIgniter\CodeIgniter->run()
CRITICAL - 2023-06-16 18:19:16 --> syntax error, unexpected token "=>", expecting "]"
in APPPATH/Config/Routes.php on line 50.
 1 SYSTEMPATH/CodeIgniter.php(802): CodeIgniter\Router\RouteCollection->loadRoutes()
 2 SYSTEMPATH/CodeIgniter.php(449): CodeIgniter\CodeIgniter->tryToRouteIt(null)
 3 SYSTEMPATH/CodeIgniter.php(368): CodeIgniter\CodeIgniter->handleRequest(null, Object(Config\Cache), false)
 4 FCPATH/index.php(67): CodeIgniter\CodeIgniter->run()
INFO - 2023-06-16 18:19:32 --> Session: Class initialized using 'CodeIgniter\Session\Handlers\FileHandler' driver.
INFO - 2023-06-16 18:19:32 --> Session: Class initialized using 'CodeIgniter\Session\Handlers\FileHandler' driver.
INFO - 2023-06-16 18:20:13 --> Session: Class initialized using 'CodeIgniter\Session\Handlers\FileHandler' driver.
CRITICAL - 2023-06-16 18:20:13 --> Invalid file: "Template/html/index.php"
in SYSTEMPATH/Exceptions/FrameworkException.php on line 33.
 1 SYSTEMPATH/View/View.php(201): CodeIgniter\Exceptions\FrameworkException::forInvalidFile('Template/html/index.php')
 2 SYSTEMPATH/Common.php(1184): CodeIgniter\View\View->render('Template/html/index', [], true)
 3 APPPATH/Controllers/Informacion.php(13): view('Template/html/index')
 4 SYSTEMPATH/CodeIgniter.php(934): App\Controllers\Informacion->template()
 5 SYSTEMPATH/CodeIgniter.php(499): CodeIgniter\CodeIgniter->runController(Object(App\Controllers\Informacion))
 6 SYSTEMPATH/CodeIgniter.php(368): CodeIgniter\CodeIgniter->handleRequest(null, Object(Config\Cache), false)
 7 FCPATH/index.php(67): CodeIgniter\CodeIgniter->run()
INFO - 2023-06-16 18:20:40 --> Session: Class initialized using 'CodeIgniter\Session\Handlers\FileHandler' driver.
INFO - 2023-06-16 18:20:41 --> Session: Class initialized using 'CodeIgniter\Session\Handlers\FileHandler' driver.
INFO - 2023-06-16 18:21:32 --> Session: Class initialized using 'CodeIgniter\Session\Handlers\FileHandler' driver.
INFO - 2023-06-16 18:21:32 --> Session: Class initialized using 'CodeIgniter\Session\Handlers\FileHandler' driver.
INFO - 2023-06-16 18:29:32 --> Session: Class initialized using 'CodeIgniter\Session\Handlers\FileHandler' driver.
INFO - 2023-06-16 18:29:33 --> Session: Class initialized using 'CodeIgniter\Session\Handlers\FileHandler' driver.
INFO - 2023-06-16 18:29:33 --> Session: Class initialized using 'CodeIgniter\Session\Handlers\FileHandler' driver.
INFO - 2023-06-16 18:30:40 --> Session: Class initialized using 'CodeIgniter\Session\Handlers\FileHandler' driver.
INFO - 2023-06-16 18:30:41 --> Session: Class initialized using 'CodeIgniter\Session\Handlers\FileHandler' driver.
INFO - 2023-06-16 18:30:41 --> Session: Class initialized using 'CodeIgniter\Session\Handlers\FileHandler' driver.
INFO - 2023-06-16 18:31:45 --> Session: Class initialized using 'CodeIgniter\Session\Handlers\FileHandler' driver.
INFO - 2023-06-16 18:32:51 --> Session: Class initialized using 'CodeIgniter\Session\Handlers\FileHandler' driver.
INFO - 2023-06-16 18:41:19 --> Session: Class initialized using 'CodeIgniter\Session\Handlers\FileHandler' driver.
CRITICAL - 2023-06-16 18:41:19 --> Unable to find template "Template/html/index.twig.html" (looked into: /var/www/html/app/Views).
in VENDORPATH/twig/twig/src/Loader/FilesystemLoader.php on line 227.
 1 VENDORPATH/twig/twig/src/Loader/FilesystemLoader.php(131): Twig\Loader\FilesystemLoader->findTemplate('Template/html/index.twig.html')
 2 VENDORPATH/twig/twig/src/Environment.php(264): Twig\Loader\FilesystemLoader->getCacheKey('Template/html/index.twig.html')
 3 VENDORPATH/twig/twig/src/Environment.php(312): Twig\Environment->getTemplateClass('Template/html/index.twig.html')
 4 VENDORPATH/twig/twig/src/Environment.php(280): Twig\Environment->load('Template/html/index.twig.html')
 5 APPPATH/Libraries/Twig.php(145): Twig\Environment->render('Template/html/index.twig.html', [])
 6 APPPATH/Libraries/Twig.php(128): App\Libraries\Twig->render('Template/html/index.twig.html', [])
 7 APPPATH/Controllers/Informacion.php(13): App\Libraries\Twig->display('Template/html/index')
 8 SYSTEMPATH/CodeIgniter.php(934): App\Controllers\Informacion->template()
 9 SYSTEMPATH/CodeIgniter.php(499): CodeIgniter\CodeIgniter->runController(Object(App\Controllers\Informacion))
10 SYSTEMPATH/CodeIgniter.php(368): CodeIgniter\CodeIgniter->handleRequest(null, Object(Config\Cache), false)
11 FCPATH/index.php(67): CodeIgniter\CodeIgniter->run()
INFO - 2023-06-16 18:41:29 --> Session: Class initialized using 'CodeIgniter\Session\Handlers\FileHandler' driver.
INFO - 2023-06-16 18:41:30 --> Session: Class initialized using 'CodeIgniter\Session\Handlers\FileHandler' driver.
INFO - 2023-06-16 18:41:30 --> Session: Class initialized using 'CodeIgniter\Session\Handlers\FileHandler' driver.
INFO - 2023-06-16 18:41:59 --> Session: Class initialized using 'CodeIgniter\Session\Handlers\FileHandler' driver.
INFO - 2023-06-16 18:41:59 --> Session: Class initialized using 'CodeIgniter\Session\Handlers\FileHandler' driver.
INFO - 2023-06-16 18:41:59 --> Session: Class initialized using 'CodeIgniter\Session\Handlers\FileHandler' driver.
INFO - 2023-06-16 18:43:18 --> Session: Class initialized using 'CodeIgniter\Session\Handlers\FileHandler' driver.
INFO - 2023-06-16 18:43:18 --> Session: Class initialized using 'CodeIgniter\Session\Handlers\FileHandler' driver.
INFO - 2023-06-16 18:43:19 --> Session: Class initialized using 'CodeIgniter\Session\Handlers\FileHandler' driver.
INFO - 2023-06-16 18:43:23 --> Session: Class initialized using 'CodeIgniter\Session\Handlers\FileHandler' driver.
INFO - 2023-06-16 18:43:23 --> Session: Class initialized using 'CodeIgniter\Session\Handlers\FileHandler' driver.
INFO - 2023-06-16 18:43:23 --> Session: Class initialized using 'CodeIgniter\Session\Handlers\FileHandler' driver.
INFO - 2023-06-16 18:43:32 --> Session: Class initialized using 'CodeIgniter\Session\Handlers\FileHandler' driver.
INFO - 2023-06-16 18:43:32 --> Session: Class initialized using 'CodeIgniter\Session\Handlers\FileHandler' driver.
INFO - 2023-06-16 18:43:32 --> Session: Class initialized using 'CodeIgniter\Session\Handlers\FileHandler' driver.
INFO - 2023-06-16 18:44:54 --> Session: Class initialized using 'CodeIgniter\Session\Handlers\FileHandler' driver.
CRITICAL - 2023-06-16 18:44:54 --> Unable to find template "Template/Components/index.twig.html" (looked into: /var/www/html/app/Views).
in VENDORPATH/twig/twig/src/Loader/FilesystemLoader.php on line 227.
 1 VENDORPATH/twig/twig/src/Loader/FilesystemLoader.php(131): Twig\Loader\FilesystemLoader->findTemplate('Template/Components/index.twig.html')
 2 VENDORPATH/twig/twig/src/Environment.php(264): Twig\Loader\FilesystemLoader->getCacheKey('Template/Components/index.twig.html')
 3 VENDORPATH/twig/twig/src/Environment.php(312): Twig\Environment->getTemplateClass('Template/Components/index.twig.html')
 4 VENDORPATH/twig/twig/src/Environment.php(280): Twig\Environment->load('Template/Components/index.twig.html')
 5 APPPATH/Libraries/Twig.php(145): Twig\Environment->render('Template/Components/index.twig.html', [])
 6 APPPATH/Libraries/Twig.php(128): App\Libraries\Twig->render('Template/Components/index.twig.html', [])
 7 APPPATH/Controllers/Informacion.php(13): App\Libraries\Twig->display('Template/Components/index')
 8 SYSTEMPATH/CodeIgniter.php(934): App\Controllers\Informacion->template()
 9 SYSTEMPATH/CodeIgniter.php(499): CodeIgniter\CodeIgniter->runController(Object(App\Controllers\Informacion))
10 SYSTEMPATH/CodeIgniter.php(368): CodeIgniter\CodeIgniter->handleRequest(null, Object(Config\Cache), false)
11 FCPATH/index.php(67): CodeIgniter\CodeIgniter->run()
INFO - 2023-06-16 18:46:03 --> Session: Class initialized using 'CodeIgniter\Session\Handlers\FileHandler' driver.
INFO - 2023-06-16 18:46:04 --> Session: Class initialized using 'CodeIgniter\Session\Handlers\FileHandler' driver.
INFO - 2023-06-16 18:46:04 --> Session: Class initialized using 'CodeIgniter\Session\Handlers\FileHandler' driver.
INFO - 2023-06-16 18:46:09 --> Session: Class initialized using 'CodeIgniter\Session\Handlers\FileHandler' driver.
INFO - 2023-06-16 18:46:09 --> Session: Class initialized using 'CodeIgniter\Session\Handlers\FileHandler' driver.
INFO - 2023-06-16 18:46:09 --> Session: Class initialized using 'CodeIgniter\Session\Handlers\FileHandler' driver.
INFO - 2023-06-16 18:53:25 --> Session: Class initialized using 'CodeIgniter\Session\Handlers\FileHandler' driver.
INFO - 2023-06-16 18:53:26 --> Session: Class initialized using 'CodeIgniter\Session\Handlers\FileHandler' driver.
INFO - 2023-06-16 18:53:26 --> Session: Class initialized using 'CodeIgniter\Session\Handlers\FileHandler' driver.
CRITICAL - 2023-06-16 18:54:01 --> syntax error, unexpected token "}", expecting ";" or "{"
in APPPATH/Controllers/Informacion.php on line 18.
 1 SYSTEMPATH/Autoloader/Autoloader.php(289): CodeIgniter\Autoloader\Autoloader->includeFile('/var/www/html/app/Controllers/Informacion.php')
 2 SYSTEMPATH/Autoloader/Autoloader.php(267): CodeIgniter\Autoloader\Autoloader->loadInNamespace('App\\Controllers\\Informacion')
 3 [internal function]: CodeIgniter\Autoloader\Autoloader->loadClass('App\\Controllers\\Informacion')
 4 SYSTEMPATH/CodeIgniter.php(892): class_exists('\\App\\Controllers\\Informacion', true)
 5 SYSTEMPATH/CodeIgniter.php(486): CodeIgniter\CodeIgniter->startController()
 6 SYSTEMPATH/CodeIgniter.php(368): CodeIgniter\CodeIgniter->handleRequest(null, Object(Config\Cache), false)
 7 FCPATH/index.php(67): CodeIgniter\CodeIgniter->run()
INFO - 2023-06-16 18:54:10 --> Session: Class initialized using 'CodeIgniter\Session\Handlers\FileHandler' driver.
INFO - 2023-06-16 18:54:29 --> Session: Class initialized using 'CodeIgniter\Session\Handlers\FileHandler' driver.
INFO - 2023-06-16 18:54:32 --> Session: Class initialized using 'CodeIgniter\Session\Handlers\FileHandler' driver.
INFO - 2023-06-16 18:55:00 --> Session: Class initialized using 'CodeIgniter\Session\Handlers\FileHandler' driver.
INFO - 2023-06-16 18:55:00 --> Session: Class initialized using 'CodeIgniter\Session\Handlers\FileHandler' driver.
INFO - 2023-06-16 18:55:01 --> Session: Class initialized using 'CodeIgniter\Session\Handlers\FileHandler' driver.
INFO - 2023-06-16 18:57:13 --> Session: Class initialized using 'CodeIgniter\Session\Handlers\FileHandler' driver.
INFO - 2023-06-16 18:57:14 --> Session: Class initialized using 'CodeIgniter\Session\Handlers\FileHandler' driver.
INFO - 2023-06-16 18:57:49 --> Session: Class initialized using 'CodeIgniter\Session\Handlers\FileHandler' driver.
INFO - 2023-06-16 18:57:50 --> Session: Class initialized using 'CodeIgniter\Session\Handlers\FileHandler' driver.
INFO - 2023-06-16 18:59:53 --> Session: Class initialized using 'CodeIgniter\Session\Handlers\FileHandler' driver.
INFO - 2023-06-16 18:59:53 --> Session: Class initialized using 'CodeIgniter\Session\Handlers\FileHandler' driver.
INFO - 2023-06-16 19:00:04 --> Session: Class initialized using 'CodeIgniter\Session\Handlers\FileHandler' driver.
INFO - 2023-06-16 19:00:04 --> Session: Class initialized using 'CodeIgniter\Session\Handlers\FileHandler' driver.
INFO - 2023-06-16 19:01:12 --> Session: Class initialized using 'CodeIgniter\Session\Handlers\FileHandler' driver.
INFO - 2023-06-16 19:01:13 --> Session: Class initialized using 'CodeIgniter\Session\Handlers\FileHandler' driver.
INFO - 2023-06-16 19:01:54 --> Session: Class initialized using 'CodeIgniter\Session\Handlers\FileHandler' driver.
INFO - 2023-06-16 19:01:54 --> Session: Class initialized using 'CodeIgniter\Session\Handlers\FileHandler' driver.
INFO - 2023-06-16 19:02:38 --> Session: Class initialized using 'CodeIgniter\Session\Handlers\FileHandler' driver.
INFO - 2023-06-16 19:02:39 --> Session: Class initialized using 'CodeIgniter\Session\Handlers\FileHandler' driver.
INFO - 2023-06-16 19:03:41 --> Session: Class initialized using 'CodeIgniter\Session\Handlers\FileHandler' driver.
INFO - 2023-06-16 19:03:41 --> Session: Class initialized using 'CodeIgniter\Session\Handlers\FileHandler' driver.
INFO - 2023-06-16 19:04:56 --> Session: Class initialized using 'CodeIgniter\Session\Handlers\FileHandler' driver.
INFO - 2023-06-16 19:04:56 --> Session: Class initialized using 'CodeIgniter\Session\Handlers\FileHandler' driver.
INFO - 2023-06-16 19:05:16 --> Session: Class initialized using 'CodeIgniter\Session\Handlers\FileHandler' driver.
INFO - 2023-06-16 19:05:16 --> Session: Class initialized using 'CodeIgniter\Session\Handlers\FileHandler' driver.
INFO - 2023-06-16 19:05:39 --> Session: Class initialized using 'CodeIgniter\Session\Handlers\FileHandler' driver.
INFO - 2023-06-16 19:05:39 --> Session: Class initialized using 'CodeIgniter\Session\Handlers\FileHandler' driver.
INFO - 2023-06-16 19:08:46 --> Session: Class initialized using 'CodeIgniter\Session\Handlers\FileHandler' driver.
INFO - 2023-06-16 19:08:46 --> Session: Class initialized using 'CodeIgniter\Session\Handlers\FileHandler' driver.
INFO - 2023-06-16 19:08:50 --> Session: Class initialized using 'CodeIgniter\Session\Handlers\FileHandler' driver.
INFO - 2023-06-16 19:08:50 --> Session: Class initialized using 'CodeIgniter\Session\Handlers\FileHandler' driver.
INFO - 2023-06-16 19:25:14 --> Session: Class initialized using 'CodeIgniter\Session\Handlers\FileHandler' driver.
CRITICAL - 2023-06-16 19:25:14 --> Invalid file: "\App\Views\Auth\login.php"
in SYSTEMPATH/Exceptions/FrameworkException.php on line 33.
 1 SYSTEMPATH/View/View.php(201): CodeIgniter\Exceptions\FrameworkException::forInvalidFile('\\App\\Views\\Auth\\login.php')
 2 SYSTEMPATH/Common.php(1184): CodeIgniter\View\View->render('\\App\\Views\\Auth\\login', [], true)
 3 VENDORPATH/codeigniter4/shield/src/Traits/Viewable.php(16): view('\\App\\Views\\Auth\\login', [], [])
 4 VENDORPATH/codeigniter4/shield/src/Controllers/LoginController.php(40): CodeIgniter\Shield\Controllers\LoginController->view('\\App\\Views\\Auth\\login')
 5 SYSTEMPATH/CodeIgniter.php(934): CodeIgniter\Shield\Controllers\LoginController->loginView()
 6 SYSTEMPATH/CodeIgniter.php(499): CodeIgniter\CodeIgniter->runController(Object(CodeIgniter\Shield\Controllers\LoginController))
 7 SYSTEMPATH/CodeIgniter.php(368): CodeIgniter\CodeIgniter->handleRequest(null, Object(Config\Cache), false)
 8 FCPATH/index.php(67): CodeIgniter\CodeIgniter->run()
INFO - 2023-06-16 19:28:12 --> Session: Class initialized using 'CodeIgniter\Session\Handlers\FileHandler' driver.
CRITICAL - 2023-06-16 19:28:12 --> Invalid file: "\App\Views\Auth\login.php"
in SYSTEMPATH/Exceptions/FrameworkException.php on line 33.
 1 SYSTEMPATH/View/View.php(201): CodeIgniter\Exceptions\FrameworkException::forInvalidFile('\\App\\Views\\Auth\\login.php')
 2 SYSTEMPATH/Common.php(1184): CodeIgniter\View\View->render('\\App\\Views\\Auth\\login', [], true)
 3 VENDORPATH/codeigniter4/shield/src/Traits/Viewable.php(16): view('\\App\\Views\\Auth\\login', [], [])
 4 VENDORPATH/codeigniter4/shield/src/Controllers/LoginController.php(40): CodeIgniter\Shield\Controllers\LoginController->view('\\App\\Views\\Auth\\login')
 5 SYSTEMPATH/CodeIgniter.php(934): CodeIgniter\Shield\Controllers\LoginController->loginView()
 6 SYSTEMPATH/CodeIgniter.php(499): CodeIgniter\CodeIgniter->runController(Object(CodeIgniter\Shield\Controllers\LoginController))
 7 SYSTEMPATH/CodeIgniter.php(368): CodeIgniter\CodeIgniter->handleRequest(null, Object(Config\Cache), false)
 8 FCPATH/index.php(67): CodeIgniter\CodeIgniter->run()
INFO - 2023-06-16 19:33:59 --> Session: Class initialized using 'CodeIgniter\Session\Handlers\FileHandler' driver.
CRITICAL - 2023-06-16 19:33:59 --> Invalid file: "\App\Views\Auth\login.php"
in SYSTEMPATH/Exceptions/FrameworkException.php on line 33.
 1 SYSTEMPATH/View/View.php(201): CodeIgniter\Exceptions\FrameworkException::forInvalidFile('\\App\\Views\\Auth\\login.php')
 2 SYSTEMPATH/Common.php(1184): CodeIgniter\View\View->render('\\App\\Views\\Auth\\login', [], true)
 3 VENDORPATH/codeigniter4/shield/src/Traits/Viewable.php(16): view('\\App\\Views\\Auth\\login', [], [])
 4 VENDORPATH/codeigniter4/shield/src/Controllers/LoginController.php(40): CodeIgniter\Shield\Controllers\LoginController->view('\\App\\Views\\Auth\\login')
 5 SYSTEMPATH/CodeIgniter.php(934): CodeIgniter\Shield\Controllers\LoginController->loginView()
 6 SYSTEMPATH/CodeIgniter.php(499): CodeIgniter\CodeIgniter->runController(Object(CodeIgniter\Shield\Controllers\LoginController))
 7 SYSTEMPATH/CodeIgniter.php(368): CodeIgniter\CodeIgniter->handleRequest(null, Object(Config\Cache), false)
 8 FCPATH/index.php(67): CodeIgniter\CodeIgniter->run()
INFO - 2023-06-16 19:34:36 --> Session: Class initialized using 'CodeIgniter\Session\Handlers\FileHandler' driver.
CRITICAL - 2023-06-16 19:34:36 --> Invalid file: "\App\Views\Auth\login.php"
in SYSTEMPATH/Exceptions/FrameworkException.php on line 33.
 1 SYSTEMPATH/View/View.php(201): CodeIgniter\Exceptions\FrameworkException::forInvalidFile('\\App\\Views\\Auth\\login.php')
 2 SYSTEMPATH/Common.php(1184): CodeIgniter\View\View->render('\\App\\Views\\Auth\\login', [], true)
 3 VENDORPATH/codeigniter4/shield/src/Traits/Viewable.php(16): view('\\App\\Views\\Auth\\login', [], [])
 4 VENDORPATH/codeigniter4/shield/src/Controllers/LoginController.php(40): CodeIgniter\Shield\Controllers\LoginController->view('\\App\\Views\\Auth\\login')
 5 SYSTEMPATH/CodeIgniter.php(934): CodeIgniter\Shield\Controllers\LoginController->loginView()
 6 SYSTEMPATH/CodeIgniter.php(499): CodeIgniter\CodeIgniter->runController(Object(CodeIgniter\Shield\Controllers\LoginController))
 7 SYSTEMPATH/CodeIgniter.php(368): CodeIgniter\CodeIgniter->handleRequest(null, Object(Config\Cache), false)
 8 FCPATH/index.php(67): CodeIgniter\CodeIgniter->run()
INFO - 2023-06-16 19:35:16 --> Session: Class initialized using 'CodeIgniter\Session\Handlers\FileHandler' driver.
INFO - 2023-06-16 19:35:16 --> Session: Class initialized using 'CodeIgniter\Session\Handlers\FileHandler' driver.
INFO - 2023-06-16 19:36:18 --> Session: Class initialized using 'CodeIgniter\Session\Handlers\FileHandler' driver.
INFO - 2023-06-16 19:36:18 --> Session: Class initialized using 'CodeIgniter\Session\Handlers\FileHandler' driver.
INFO - 2023-06-16 19:36:22 --> Session: Class initialized using 'CodeIgniter\Session\Handlers\FileHandler' driver.
INFO - 2023-06-16 19:36:22 --> Session: Class initialized using 'CodeIgniter\Session\Handlers\FileHandler' driver.
INFO - 2023-06-16 19:38:37 --> Session: Class initialized using 'CodeIgniter\Session\Handlers\FileHandler' driver.
INFO - 2023-06-16 19:38:37 --> Session: Class initialized using 'CodeIgniter\Session\Handlers\FileHandler' driver.
INFO - 2023-06-16 19:38:44 --> Session: Class initialized using 'CodeIgniter\Session\Handlers\FileHandler' driver.
INFO - 2023-06-16 19:38:44 --> Session: Class initialized using 'CodeIgniter\Session\Handlers\FileHandler' driver.
INFO - 2023-06-16 19:42:32 --> Session: Class initialized using 'CodeIgniter\Session\Handlers\FileHandler' driver.
CRITICAL - 2023-06-16 19:42:32 --> Invalid file: "\App\Views\Auth\login.php"
in SYSTEMPATH/Exceptions/FrameworkException.php on line 33.
 1 SYSTEMPATH/View/View.php(201): CodeIgniter\Exceptions\FrameworkException::forInvalidFile('\\App\\Views\\Auth\\login.php')
 2 SYSTEMPATH/Common.php(1184): CodeIgniter\View\View->render('\\App\\Views\\Auth\\login', [], true)
 3 VENDORPATH/codeigniter4/shield/src/Traits/Viewable.php(16): view('\\App\\Views\\Auth\\login', [], [])
 4 VENDORPATH/codeigniter4/shield/src/Controllers/LoginController.php(40): CodeIgniter\Shield\Controllers\LoginController->view('\\App\\Views\\Auth\\login')
 5 SYSTEMPATH/CodeIgniter.php(934): CodeIgniter\Shield\Controllers\LoginController->loginView()
 6 SYSTEMPATH/CodeIgniter.php(499): CodeIgniter\CodeIgniter->runController(Object(CodeIgniter\Shield\Controllers\LoginController))
 7 SYSTEMPATH/CodeIgniter.php(368): CodeIgniter\CodeIgniter->handleRequest(null, Object(Config\Cache), false)
 8 FCPATH/index.php(67): CodeIgniter\CodeIgniter->run()
INFO - 2023-06-16 19:42:45 --> Session: Class initialized using 'CodeIgniter\Session\Handlers\FileHandler' driver.
CRITICAL - 2023-06-16 19:42:45 --> Invalid file: "\App\Views\Auth\login.twig"
in SYSTEMPATH/Exceptions/FrameworkException.php on line 33.
 1 SYSTEMPATH/View/View.php(201): CodeIgniter\Exceptions\FrameworkException::forInvalidFile('\\App\\Views\\Auth\\login.twig')
 2 SYSTEMPATH/Common.php(1184): CodeIgniter\View\View->render('\\App\\Views\\Auth\\login.twig', [], true)
 3 VENDORPATH/codeigniter4/shield/src/Traits/Viewable.php(16): view('\\App\\Views\\Auth\\login.twig', [], [])
 4 VENDORPATH/codeigniter4/shield/src/Controllers/LoginController.php(40): CodeIgniter\Shield\Controllers\LoginController->view('\\App\\Views\\Auth\\login.twig')
 5 SYSTEMPATH/CodeIgniter.php(934): CodeIgniter\Shield\Controllers\LoginController->loginView()
 6 SYSTEMPATH/CodeIgniter.php(499): CodeIgniter\CodeIgniter->runController(Object(CodeIgniter\Shield\Controllers\LoginController))
 7 SYSTEMPATH/CodeIgniter.php(368): CodeIgniter\CodeIgniter->handleRequest(null, Object(Config\Cache), false)
 8 FCPATH/index.php(67): CodeIgniter\CodeIgniter->run()
INFO - 2023-06-16 19:42:53 --> Session: Class initialized using 'CodeIgniter\Session\Handlers\FileHandler' driver.
INFO - 2023-06-16 19:42:54 --> Session: Class initialized using 'CodeIgniter\Session\Handlers\FileHandler' driver.
INFO - 2023-06-16 19:44:30 --> Session: Class initialized using 'CodeIgniter\Session\Handlers\FileHandler' driver.
INFO - 2023-06-16 19:44:30 --> Session: Class initialized using 'CodeIgniter\Session\Handlers\FileHandler' driver.
INFO - 2023-06-16 19:44:47 --> Session: Class initialized using 'CodeIgniter\Session\Handlers\FileHandler' driver.
INFO - 2023-06-16 19:44:47 --> Session: Class initialized using 'CodeIgniter\Session\Handlers\FileHandler' driver.
CRITICAL - 2023-06-16 19:53:27 --> Trait "App\Controllers\Auth\Themable" not found
in APPPATH/Controllers/Auth/Login.php on line 8.
 1 [internal function]: CodeIgniter\Debug\Exceptions->shutdownHandler()
INFO - 2023-06-16 19:53:51 --> Session: Class initialized using 'CodeIgniter\Session\Handlers\FileHandler' driver.
INFO - 2023-06-16 19:54:20 --> Session: Class initialized using 'CodeIgniter\Session\Handlers\FileHandler' driver.
INFO - 2023-06-16 19:54:32 --> Session: Class initialized using 'CodeIgniter\Session\Handlers\FileHandler' driver.
CRITICAL - 2023-06-16 19:54:32 --> Unable to find template "/App/Views/Auth/login.twig.html" (looked into: /var/www/html/app/Views).
in VENDORPATH/twig/twig/src/Loader/FilesystemLoader.php on line 227.
 1 VENDORPATH/twig/twig/src/Loader/FilesystemLoader.php(131): Twig\Loader\FilesystemLoader->findTemplate('/App/Views/Auth/login.twig.html')
 2 VENDORPATH/twig/twig/src/Environment.php(264): Twig\Loader\FilesystemLoader->getCacheKey('\\App\\Views\\Auth\\login.twig.html')
 3 VENDORPATH/twig/twig/src/Environment.php(312): Twig\Environment->getTemplateClass('\\App\\Views\\Auth\\login.twig.html')
 4 VENDORPATH/twig/twig/src/Environment.php(280): Twig\Environment->load('\\App\\Views\\Auth\\login.twig.html')
 5 APPPATH/Libraries/Twig.php(145): Twig\Environment->render('\\App\\Views\\Auth\\login.twig.html', [])
 6 APPPATH/Controllers/Auth/Login.php(12): App\Libraries\Twig->render('\\App\\Views\\Auth\\login.twig.html', [], [])
 7 VENDORPATH/codeigniter4/shield/src/Controllers/LoginController.php(40): App\Controllers\Auth\Login->view('\\App\\Views\\Auth\\login')
 8 SYSTEMPATH/CodeIgniter.php(934): CodeIgniter\Shield\Controllers\LoginController->loginView()
 9 SYSTEMPATH/CodeIgniter.php(499): CodeIgniter\CodeIgniter->runController(Object(App\Controllers\Auth\Login))
10 SYSTEMPATH/CodeIgniter.php(368): CodeIgniter\CodeIgniter->handleRequest(null, Object(Config\Cache), false)
11 FCPATH/index.php(67): CodeIgniter\CodeIgniter->run()
INFO - 2023-06-16 19:56:27 --> Session: Class initialized using 'CodeIgniter\Session\Handlers\FileHandler' driver.
CRITICAL - 2023-06-16 19:56:27 --> Unable to find template "/App/Views/Auth/login.twig.html" (looked into: /var/www/html/app/Views).
in VENDORPATH/twig/twig/src/Loader/FilesystemLoader.php on line 227.
 1 VENDORPATH/twig/twig/src/Loader/FilesystemLoader.php(131): Twig\Loader\FilesystemLoader->findTemplate('/App/Views/Auth/login.twig.html')
 2 VENDORPATH/twig/twig/src/Environment.php(264): Twig\Loader\FilesystemLoader->getCacheKey('\\App\\Views\\Auth\\login.twig.html')
 3 VENDORPATH/twig/twig/src/Environment.php(312): Twig\Environment->getTemplateClass('\\App\\Views\\Auth\\login.twig.html')
 4 VENDORPATH/twig/twig/src/Environment.php(280): Twig\Environment->load('\\App\\Views\\Auth\\login.twig.html')
 5 APPPATH/Libraries/Twig.php(145): Twig\Environment->render('\\App\\Views\\Auth\\login.twig.html', [])
 6 APPPATH/Controllers/Auth/Login.php(13): App\Libraries\Twig->render('\\App\\Views\\Auth\\login.twig.html', [], [])
 7 VENDORPATH/codeigniter4/shield/src/Controllers/LoginController.php(40): App\Controllers\Auth\Login->view('\\App\\Views\\Auth\\login')
 8 SYSTEMPATH/CodeIgniter.php(934): CodeIgniter\Shield\Controllers\LoginController->loginView()
 9 SYSTEMPATH/CodeIgniter.php(499): CodeIgniter\CodeIgniter->runController(Object(App\Controllers\Auth\Login))
10 SYSTEMPATH/CodeIgniter.php(368): CodeIgniter\CodeIgniter->handleRequest(null, Object(Config\Cache), false)
11 FCPATH/index.php(67): CodeIgniter\CodeIgniter->run()
INFO - 2023-06-16 19:57:52 --> Session: Class initialized using 'CodeIgniter\Session\Handlers\FileHandler' driver.
INFO - 2023-06-16 19:57:53 --> Session: Class initialized using 'CodeIgniter\Session\Handlers\FileHandler' driver.
INFO - 2023-06-16 19:57:58 --> Session: Class initialized using 'CodeIgniter\Session\Handlers\FileHandler' driver.
INFO - 2023-06-16 19:57:59 --> Session: Class initialized using 'CodeIgniter\Session\Handlers\FileHandler' driver.
INFO - 2023-06-16 19:58:06 --> Session: Class initialized using 'CodeIgniter\Session\Handlers\FileHandler' driver.
INFO - 2023-06-16 19:58:06 --> Session: Class initialized using 'CodeIgniter\Session\Handlers\FileHandler' driver.
INFO - 2023-06-16 22:43:47 --> Session: Class initialized using 'CodeIgniter\Session\Handlers\FileHandler' driver.
INFO - 2023-06-16 22:43:52 --> Session: Class initialized using 'CodeIgniter\Session\Handlers\FileHandler' driver.
INFO - 2023-06-16 22:44:37 --> Session: Class initialized using 'CodeIgniter\Session\Handlers\FileHandler' driver.
INFO - 2023-06-16 22:44:59 --> Session: Class initialized using 'CodeIgniter\Session\Handlers\FileHandler' driver.
INFO - 2023-06-16 22:46:43 --> Session: Class initialized using 'CodeIgniter\Session\Handlers\FileHandler' driver.
INFO - 2023-06-16 22:47:06 --> Session: Class initialized using 'CodeIgniter\Session\Handlers\FileHandler' driver.
INFO - 2023-06-16 22:47:32 --> Session: Class initialized using 'CodeIgniter\Session\Handlers\FileHandler' driver.
INFO - 2023-06-16 22:47:50 --> Session: Class initialized using 'CodeIgniter\Session\Handlers\FileHandler' driver.
INFO - 2023-06-16 22:47:59 --> Session: Class initialized using 'CodeIgniter\Session\Handlers\FileHandler' driver.
INFO - 2023-06-16 22:48:21 --> Session: Class initialized using 'CodeIgniter\Session\Handlers\FileHandler' driver.
INFO - 2023-06-16 22:52:23 --> Session: Class initialized using 'CodeIgniter\Session\Handlers\FileHandler' driver.
INFO - 2023-06-16 22:52:41 --> Session: Class initialized using 'CodeIgniter\Session\Handlers\FileHandler' driver.
INFO - 2023-06-16 22:53:09 --> Session: Class initialized using 'CodeIgniter\Session\Handlers\FileHandler' driver.
INFO - 2023-06-16 22:53:32 --> Session: Class initialized using 'CodeIgniter\Session\Handlers\FileHandler' driver.
INFO - 2023-06-16 22:55:34 --> Session: Class initialized using 'CodeIgniter\Session\Handlers\FileHandler' driver.
INFO - 2023-06-16 22:55:57 --> Session: Class initialized using 'CodeIgniter\Session\Handlers\FileHandler' driver.
INFO - 2023-06-16 23:08:31 --> Session: Class initialized using 'CodeIgniter\Session\Handlers\FileHandler' driver.
CRITICAL - 2023-06-16 23:08:31 --> Unable to find template "/CodeIgniter/Shield/Views/register.twig.html" (looked into: /var/www/html/app/Views).
in VENDORPATH/twig/twig/src/Loader/FilesystemLoader.php on line 227.
 1 VENDORPATH/twig/twig/src/Loader/FilesystemLoader.php(131): Twig\Loader\FilesystemLoader->findTemplate('/CodeIgniter/Shield/Views/register.twig.html')
 2 VENDORPATH/twig/twig/src/Environment.php(264): Twig\Loader\FilesystemLoader->getCacheKey('\\CodeIgniter\\Shield\\Views\\register.twig.html')
 3 VENDORPATH/twig/twig/src/Environment.php(312): Twig\Environment->getTemplateClass('\\CodeIgniter\\Shield\\Views\\register.twig.html')
 4 VENDORPATH/twig/twig/src/Environment.php(280): Twig\Environment->load('\\CodeIgniter\\Shield\\Views\\register.twig.html')
 5 APPPATH/Libraries/Twig.php(145): Twig\Environment->render('\\CodeIgniter\\Shield\\Views\\register.twig.html', [])
 6 APPPATH/Controllers/Auth/Register.php(12): App\Libraries\Twig->render('\\CodeIgniter\\Shield\\Views\\register.twig.html', [], [])
 7 VENDORPATH/codeigniter4/shield/src/Controllers/RegisterController.php(79): App\Controllers\Auth\Register->view('\\CodeIgniter\\Shield\\Views\\register')
 8 SYSTEMPATH/CodeIgniter.php(934): CodeIgniter\Shield\Controllers\RegisterController->registerView()
 9 SYSTEMPATH/CodeIgniter.php(499): CodeIgniter\CodeIgniter->runController(Object(App\Controllers\Auth\Register))
10 SYSTEMPATH/CodeIgniter.php(368): CodeIgniter\CodeIgniter->handleRequest(null, Object(Config\Cache), false)
11 FCPATH/index.php(67): CodeIgniter\CodeIgniter->run()
INFO - 2023-06-16 23:09:12 --> Session: Class initialized using 'CodeIgniter\Session\Handlers\FileHandler' driver.
INFO - 2023-06-16 23:09:12 --> Session: Class initialized using 'CodeIgniter\Session\Handlers\FileHandler' driver.
INFO - 2023-06-16 23:12:18 --> Session: Class initialized using 'CodeIgniter\Session\Handlers\FileHandler' driver.
INFO - 2023-06-16 23:12:18 --> Session: Class initialized using 'CodeIgniter\Session\Handlers\FileHandler' driver.
INFO - 2023-06-16 23:12:26 --> Session: Class initialized using 'CodeIgniter\Session\Handlers\FileHandler' driver.
INFO - 2023-06-16 23:12:26 --> Session: Class initialized using 'CodeIgniter\Session\Handlers\FileHandler' driver.
INFO - 2023-06-16 23:12:30 --> Session: Class initialized using 'CodeIgniter\Session\Handlers\FileHandler' driver.
INFO - 2023-06-16 23:12:30 --> Session: Class initialized using 'CodeIgniter\Session\Handlers\FileHandler' driver.
INFO - 2023-06-16 23:19:15 --> Session: Class initialized using 'CodeIgniter\Session\Handlers\FileHandler' driver.
INFO - 2023-06-16 23:19:16 --> Session: Class initialized using 'CodeIgniter\Session\Handlers\FileHandler' driver.
INFO - 2023-06-16 23:22:55 --> Session: Class initialized using 'CodeIgniter\Session\Handlers\FileHandler' driver.
INFO - 2023-06-16 23:22:55 --> Session: Class initialized using 'CodeIgniter\Session\Handlers\FileHandler' driver.
INFO - 2023-06-16 23:23:12 --> Session: Class initialized using 'CodeIgniter\Session\Handlers\FileHandler' driver.
INFO - 2023-06-16 23:23:12 --> Session: Class initialized using 'CodeIgniter\Session\Handlers\FileHandler' driver.
INFO - 2023-06-16 23:23:12 --> Session: Class initialized using 'CodeIgniter\Session\Handlers\FileHandler' driver.
INFO - 2023-06-16 23:40:38 --> Session: Class initialized using 'CodeIgniter\Session\Handlers\FileHandler' driver.
INFO - 2023-06-16 23:40:39 --> Session: Class initialized using 'CodeIgniter\Session\Handlers\FileHandler' driver.
INFO - 2023-06-16 23:40:59 --> Session: Class initialized using 'CodeIgniter\Session\Handlers\FileHandler' driver.
INFO - 2023-06-16 23:41:00 --> Session: Class initialized using 'CodeIgniter\Session\Handlers\FileHandler' driver.
INFO - 2023-06-16 23:41:00 --> Session: Class initialized using 'CodeIgniter\Session\Handlers\FileHandler' driver.
INFO - 2023-06-16 23:43:10 --> Session: Class initialized using 'CodeIgniter\Session\Handlers\FileHandler' driver.
INFO - 2023-06-16 23:43:10 --> Session: Class initialized using 'CodeIgniter\Session\Handlers\FileHandler' driver.
INFO - 2023-06-16 23:43:28 --> Session: Class initialized using 'CodeIgniter\Session\Handlers\FileHandler' driver.
INFO - 2023-06-16 23:43:56 --> Session: Class initialized using 'CodeIgniter\Session\Handlers\FileHandler' driver.
INFO - 2023-06-16 23:44:16 --> Session: Class initialized using 'CodeIgniter\Session\Handlers\FileHandler' driver.
INFO - 2023-06-16 23:44:16 --> Session: Class initialized using 'CodeIgniter\Session\Handlers\FileHandler' driver.
INFO - 2023-06-16 23:44:16 --> Session: Class initialized using 'CodeIgniter\Session\Handlers\FileHandler' driver.
INFO - 2023-06-16 23:44:59 --> Session: Class initialized using 'CodeIgniter\Session\Handlers\FileHandler' driver.
INFO - 2023-06-16 23:44:59 --> Session: Class initialized using 'CodeIgniter\Session\Handlers\FileHandler' driver.
INFO - 2023-06-16 23:44:59 --> Session: Class initialized using 'CodeIgniter\Session\Handlers\FileHandler' driver.
INFO - 2023-06-16 23:46:38 --> Session: Class initialized using 'CodeIgniter\Session\Handlers\FileHandler' driver.
CRITICAL - 2023-06-16 23:46:38 --> Unknown "session" function.
in APPPATH/Views/Auth/register.twig.html on line 44.
 1 VENDORPATH/twig/twig/src/ExpressionParser.php(459): Twig\ExpressionParser->getFunctionNodeClass('session', 44)
 2 VENDORPATH/twig/twig/src/ExpressionParser.php(237): Twig\ExpressionParser->getFunctionNode('session', 44)
 3 VENDORPATH/twig/twig/src/ExpressionParser.php(177): Twig\ExpressionParser->parsePrimaryExpression()
 4 VENDORPATH/twig/twig/src/ExpressionParser.php(72): Twig\ExpressionParser->getPrimary()
 5 VENDORPATH/twig/twig/src/Parser.php(127): Twig\ExpressionParser->parseExpression()
 6 VENDORPATH/twig/twig/src/Parser.php(83): Twig\Parser->subparse(null, false)
 7 VENDORPATH/twig/twig/src/Environment.php(491): Twig\Parser->parse(Object(Twig\TokenStream))
 8 VENDORPATH/twig/twig/src/Environment.php(519): Twig\Environment->parse(Object(Twig\TokenStream))
 9 VENDORPATH/twig/twig/src/Environment.php(351): Twig\Environment->compileSource(Object(Twig\Source))
10 VENDORPATH/twig/twig/src/Environment.php(312): Twig\Environment->loadTemplate('__TwigTemplate_344d1161ca9e93d20c9d42b74aa6b3c5', 'Auth\\register.twig.html')
11 VENDORPATH/twig/twig/src/Environment.php(280): Twig\Environment->load('Auth\\register.twig.html')
12 APPPATH/Libraries/Twig.php(145): Twig\Environment->render('Auth\\register.twig.html', [])
13 APPPATH/Controllers/Auth/Register.php(12): App\Libraries\Twig->render('Auth\\register.twig.html', [], [])
14 VENDORPATH/codeigniter4/shield/src/Controllers/RegisterController.php(79): App\Controllers\Auth\Register->view('Auth\\register')
15 SYSTEMPATH/CodeIgniter.php(934): CodeIgniter\Shield\Controllers\RegisterController->registerView()
16 SYSTEMPATH/CodeIgniter.php(499): CodeIgniter\CodeIgniter->runController(Object(App\Controllers\Auth\Register))
17 SYSTEMPATH/CodeIgniter.php(368): CodeIgniter\CodeIgniter->handleRequest(null, Object(Config\Cache), false)
18 FCPATH/index.php(67): CodeIgniter\CodeIgniter->run()
INFO - 2023-06-16 23:47:25 --> Session: Class initialized using 'CodeIgniter\Session\Handlers\FileHandler' driver.
CRITICAL - 2023-06-16 23:47:25 --> Object of class CodeIgniter\Session\Session could not be converted to string
in APPPATH/cache/twig/49/49d82d3d093e2ced5185f091a86720bd.php on line 103.
 1 VENDORPATH/twig/twig/src/Template.php(394): __TwigTemplate_344d1161ca9e93d20c9d42b74aa6b3c5->doDisplay([], [])
 2 VENDORPATH/twig/twig/src/Template.php(367): Twig\Template->displayWithErrorHandling([], [])
 3 VENDORPATH/twig/twig/src/Template.php(379): Twig\Template->display([])
 4 VENDORPATH/twig/twig/src/TemplateWrapper.php(40): Twig\Template->render([], [])
 5 VENDORPATH/twig/twig/src/Environment.php(280): Twig\TemplateWrapper->render([])
 6 APPPATH/Libraries/Twig.php(145): Twig\Environment->render('Auth\\register.twig.html', [])
 7 APPPATH/Controllers/Auth/Register.php(12): App\Libraries\Twig->render('Auth\\register.twig.html', [], [])
 8 VENDORPATH/codeigniter4/shield/src/Controllers/RegisterController.php(79): App\Controllers\Auth\Register->view('Auth\\register')
 9 SYSTEMPATH/CodeIgniter.php(934): CodeIgniter\Shield\Controllers\RegisterController->registerView()
10 SYSTEMPATH/CodeIgniter.php(499): CodeIgniter\CodeIgniter->runController(Object(App\Controllers\Auth\Register))
11 SYSTEMPATH/CodeIgniter.php(368): CodeIgniter\CodeIgniter->handleRequest(null, Object(Config\Cache), false)
12 FCPATH/index.php(67): CodeIgniter\CodeIgniter->run()
INFO - 2023-06-16 23:47:44 --> Session: Class initialized using 'CodeIgniter\Session\Handlers\FileHandler' driver.
CRITICAL - 2023-06-16 23:47:44 --> Object of class CodeIgniter\Session\Session could not be converted to string
in APPPATH/cache/twig/49/49d82d3d093e2ced5185f091a86720bd.php on line 103.
 1 VENDORPATH/twig/twig/src/Template.php(394): __TwigTemplate_344d1161ca9e93d20c9d42b74aa6b3c5->doDisplay([], [])
 2 VENDORPATH/twig/twig/src/Template.php(367): Twig\Template->displayWithErrorHandling([], [])
 3 VENDORPATH/twig/twig/src/Template.php(379): Twig\Template->display([])
 4 VENDORPATH/twig/twig/src/TemplateWrapper.php(40): Twig\Template->render([], [])
 5 VENDORPATH/twig/twig/src/Environment.php(280): Twig\TemplateWrapper->render([])
 6 APPPATH/Libraries/Twig.php(145): Twig\Environment->render('Auth\\register.twig.html', [])
 7 APPPATH/Controllers/Auth/Register.php(12): App\Libraries\Twig->render('Auth\\register.twig.html', [], [])
 8 VENDORPATH/codeigniter4/shield/src/Controllers/RegisterController.php(79): App\Controllers\Auth\Register->view('Auth\\register')
 9 SYSTEMPATH/CodeIgniter.php(934): CodeIgniter\Shield\Controllers\RegisterController->registerView()
10 SYSTEMPATH/CodeIgniter.php(499): CodeIgniter\CodeIgniter->runController(Object(App\Controllers\Auth\Register))
11 SYSTEMPATH/CodeIgniter.php(368): CodeIgniter\CodeIgniter->handleRequest(null, Object(Config\Cache), false)
12 FCPATH/index.php(67): CodeIgniter\CodeIgniter->run()
INFO - 2023-06-16 23:48:01 --> Session: Class initialized using 'CodeIgniter\Session\Handlers\FileHandler' driver.
CRITICAL - 2023-06-16 23:48:01 --> Object of class CodeIgniter\Session\Session could not be converted to string
in APPPATH/cache/twig/49/49d82d3d093e2ced5185f091a86720bd.php on line 103.
 1 VENDORPATH/twig/twig/src/Template.php(394): __TwigTemplate_344d1161ca9e93d20c9d42b74aa6b3c5->doDisplay([], [])
 2 VENDORPATH/twig/twig/src/Template.php(367): Twig\Template->displayWithErrorHandling([], [])
 3 VENDORPATH/twig/twig/src/Template.php(379): Twig\Template->display([])
 4 VENDORPATH/twig/twig/src/TemplateWrapper.php(40): Twig\Template->render([], [])
 5 VENDORPATH/twig/twig/src/Environment.php(280): Twig\TemplateWrapper->render([])
 6 APPPATH/Libraries/Twig.php(145): Twig\Environment->render('Auth\\register.twig.html', [])
 7 APPPATH/Controllers/Auth/Register.php(12): App\Libraries\Twig->render('Auth\\register.twig.html', [], [])
 8 VENDORPATH/codeigniter4/shield/src/Controllers/RegisterController.php(79): App\Controllers\Auth\Register->view('Auth\\register')
 9 SYSTEMPATH/CodeIgniter.php(934): CodeIgniter\Shield\Controllers\RegisterController->registerView()
10 SYSTEMPATH/CodeIgniter.php(499): CodeIgniter\CodeIgniter->runController(Object(App\Controllers\Auth\Register))
11 SYSTEMPATH/CodeIgniter.php(368): CodeIgniter\CodeIgniter->handleRequest(null, Object(Config\Cache), false)
12 FCPATH/index.php(67): CodeIgniter\CodeIgniter->run()
INFO - 2023-06-16 23:48:14 --> Session: Class initialized using 'CodeIgniter\Session\Handlers\FileHandler' driver.
INFO - 2023-06-16 23:48:14 --> Session: Class initialized using 'CodeIgniter\Session\Handlers\FileHandler' driver.
INFO - 2023-06-16 23:48:49 --> Session: Class initialized using 'CodeIgniter\Session\Handlers\FileHandler' driver.
INFO - 2023-06-16 23:48:50 --> Session: Class initialized using 'CodeIgniter\Session\Handlers\FileHandler' driver.
INFO - 2023-06-16 23:49:38 --> Session: Class initialized using 'CodeIgniter\Session\Handlers\FileHandler' driver.
INFO - 2023-06-16 23:49:39 --> Session: Class initialized using 'CodeIgniter\Session\Handlers\FileHandler' driver.
INFO - 2023-06-16 23:50:32 --> Session: Class initialized using 'CodeIgniter\Session\Handlers\FileHandler' driver.
INFO - 2023-06-16 23:50:53 --> Session: Class initialized using 'CodeIgniter\Session\Handlers\FileHandler' driver.
INFO - 2023-06-16 23:50:54 --> Session: Class initialized using 'CodeIgniter\Session\Handlers\FileHandler' driver.
INFO - 2023-06-16 23:51:12 --> Session: Class initialized using 'CodeIgniter\Session\Handlers\FileHandler' driver.
INFO - 2023-06-16 23:51:12 --> Session: Class initialized using 'CodeIgniter\Session\Handlers\FileHandler' driver.
INFO - 2023-06-16 23:51:12 --> Session: Class initialized using 'CodeIgniter\Session\Handlers\FileHandler' driver.
INFO - 2023-06-16 23:51:52 --> Session: Class initialized using 'CodeIgniter\Session\Handlers\FileHandler' driver.
INFO - 2023-06-16 23:51:52 --> Session: Class initialized using 'CodeIgniter\Session\Handlers\FileHandler' driver.
INFO - 2023-06-16 23:51:53 --> Session: Class initialized using 'CodeIgniter\Session\Handlers\FileHandler' driver.
