CRITICAL - 2023-06-12 04:30:28 --> Undefined constant "App\Libraries\VIEWPATH"
in APPPATH/Libraries/Twig.php on line 52.
 1 APPPATH/Controllers/BaseController.php(64): App\Libraries\Twig->__construct()
 2 SYSTEMPATH/CodeIgniter.php(907): App\Controllers\BaseController->initController(Object(CodeIgniter\HTTP\IncomingRequest), Object(CodeIgniter\HTTP\Response), Object(CodeIgniter\Log\Logger))
 3 SYSTEMPATH/CodeIgniter.php(490): CodeIgniter\CodeIgniter->createController()
 4 SYSTEMPATH/CodeIgniter.php(368): CodeIgniter\CodeIgniter->handleRequest(null, Object(Config\Cache), false)
 5 FCPATH/index.php(67): CodeIgniter\CodeIgniter->run()
CRITICAL - 2023-06-12 04:33:31 --> syntax error, unexpected token ";", expecting "]"
in APPPATH/Libraries/Twig.php on line 52.
 1 SYSTEMPATH/Autoloader/Autoloader.php(289): CodeIgniter\Autoloader\Autoloader->includeFile('/var/www/html/app/Libraries/Twig.php')
 2 SYSTEMPATH/Autoloader/Autoloader.php(267): CodeIgniter\Autoloader\Autoloader->loadInNamespace('App\\Libraries\\Twig')
 3 APPPATH/Controllers/BaseController.php(64): CodeIgniter\Autoloader\Autoloader->loadClass('App\\Libraries\\Twig')
 4 SYSTEMPATH/CodeIgniter.php(907): App\Controllers\BaseController->initController(Object(CodeIgniter\HTTP\IncomingRequest), Object(CodeIgniter\HTTP\Response), Object(CodeIgniter\Log\Logger))
 5 SYSTEMPATH/CodeIgniter.php(490): CodeIgniter\CodeIgniter->createController()
 6 SYSTEMPATH/CodeIgniter.php(368): CodeIgniter\CodeIgniter->handleRequest(null, Object(Config\Cache), false)
 7 FCPATH/index.php(67): CodeIgniter\CodeIgniter->run()
CRITICAL - 2023-06-12 05:03:48 --> Class "App\Controllers\Test\BaseController" not found
in APPPATH/Controllers/Test/Pruebas.php on line 5.
 1 SYSTEMPATH/Autoloader/Autoloader.php(312): include_once()
 2 SYSTEMPATH/Autoloader/Autoloader.php(289): CodeIgniter\Autoloader\Autoloader->includeFile('/var/www/html/app/Controllers/Test/Pruebas.php')
 3 SYSTEMPATH/Autoloader/Autoloader.php(267): CodeIgniter\Autoloader\Autoloader->loadInNamespace('App\\Controllers\\Test\\Pruebas')
 4 [internal function]: CodeIgniter\Autoloader\Autoloader->loadClass('App\\Controllers\\Test\\Pruebas')
 5 SYSTEMPATH/CodeIgniter.php(892): class_exists('\\App\\Controllers\\Test\\Pruebas', true)
 6 SYSTEMPATH/CodeIgniter.php(486): CodeIgniter\CodeIgniter->startController()
 7 SYSTEMPATH/CodeIgniter.php(368): CodeIgniter\CodeIgniter->handleRequest(null, Object(Config\Cache), false)
 8 FCPATH/index.php(67): CodeIgniter\CodeIgniter->run()
CRITICAL - 2023-06-12 05:05:20 --> Cannot call constructor
in APPPATH/Controllers/Test/Pruebas.php on line 10.
 1 SYSTEMPATH/CodeIgniter.php(906): App\Controllers\Test\Pruebas->__construct()
 2 SYSTEMPATH/CodeIgniter.php(490): CodeIgniter\CodeIgniter->createController()
 3 SYSTEMPATH/CodeIgniter.php(368): CodeIgniter\CodeIgniter->handleRequest(null, Object(Config\Cache), false)
 4 FCPATH/index.php(67): CodeIgniter\CodeIgniter->run()
CRITICAL - 2023-06-12 05:05:39 --> Call to undefined function App\Libraries\get_instance()
in APPPATH/Libraries/Twig.php on line 128.
 1 APPPATH/Controllers/Test/Pruebas.php(38): App\Libraries\Twig->display('PruebasCorreo')
 2 SYSTEMPATH/CodeIgniter.php(934): App\Controllers\Test\Pruebas->correo()
 3 SYSTEMPATH/CodeIgniter.php(499): CodeIgniter\CodeIgniter->runController(Object(App\Controllers\Test\Pruebas))
 4 SYSTEMPATH/CodeIgniter.php(368): CodeIgniter\CodeIgniter->handleRequest(null, Object(Config\Cache), false)
 5 FCPATH/index.php(67): CodeIgniter\CodeIgniter->run()
CRITICAL - 2023-06-12 05:22:21 --> Undefined property: App\Controllers\Test\Pruebas::$input
in APPPATH/Controllers/Test/Pruebas.php on line 43.
 1 APPPATH/Controllers/Test/Pruebas.php(43): CodeIgniter\Debug\Exceptions->errorHandler(2, 'Undefined property: App\\Controllers\\Test\\Pruebas::$input', '/var/www/html/app/Controllers/Test/Pruebas.php', 43)
 2 SYSTEMPATH/CodeIgniter.php(934): App\Controllers\Test\Pruebas->sendEmail()
 3 SYSTEMPATH/CodeIgniter.php(499): CodeIgniter\CodeIgniter->runController(Object(App\Controllers\Test\Pruebas))
 4 SYSTEMPATH/CodeIgniter.php(368): CodeIgniter\CodeIgniter->handleRequest(null, Object(Config\Cache), false)
 5 FCPATH/index.php(67): CodeIgniter\CodeIgniter->run()
CRITICAL - 2023-06-12 05:23:33 --> Cannot use CodeIgniter\Email\Email as Email because the name is already in use
in APPPATH/Libraries/Emails.php on line 6.
 1 [internal function]: CodeIgniter\Debug\Exceptions->shutdownHandler()
CRITICAL - 2023-06-12 18:57:13 --> syntax error, unexpected token "echo", expecting ";"
in APPPATH/Controllers/Test/Pruebas.php on line 21.
 1 SYSTEMPATH/Autoloader/Autoloader.php(289): CodeIgniter\Autoloader\Autoloader->includeFile('/var/www/html/app/Controllers/Test/Pruebas.php')
 2 SYSTEMPATH/Autoloader/Autoloader.php(267): CodeIgniter\Autoloader\Autoloader->loadInNamespace('App\\Controllers\\Test\\Pruebas')
 3 [internal function]: CodeIgniter\Autoloader\Autoloader->loadClass('App\\Controllers\\Test\\Pruebas')
 4 SYSTEMPATH/CodeIgniter.php(892): class_exists('\\App\\Controllers\\Test\\Pruebas', true)
 5 SYSTEMPATH/CodeIgniter.php(486): CodeIgniter\CodeIgniter->startController()
 6 SYSTEMPATH/CodeIgniter.php(368): CodeIgniter\CodeIgniter->handleRequest(null, Object(Config\Cache), false)
 7 FCPATH/index.php(67): CodeIgniter\CodeIgniter->run()
CRITICAL - 2023-06-12 18:57:36 --> syntax error, unexpected token "echo", expecting ";"
in APPPATH/Controllers/Test/Pruebas.php on line 21.
 1 SYSTEMPATH/Autoloader/Autoloader.php(289): CodeIgniter\Autoloader\Autoloader->includeFile('/var/www/html/app/Controllers/Test/Pruebas.php')
 2 SYSTEMPATH/Autoloader/Autoloader.php(267): CodeIgniter\Autoloader\Autoloader->loadInNamespace('App\\Controllers\\Test\\Pruebas')
 3 [internal function]: CodeIgniter\Autoloader\Autoloader->loadClass('App\\Controllers\\Test\\Pruebas')
 4 SYSTEMPATH/CodeIgniter.php(892): class_exists('\\App\\Controllers\\Test\\Pruebas', true)
 5 SYSTEMPATH/CodeIgniter.php(486): CodeIgniter\CodeIgniter->startController()
 6 SYSTEMPATH/CodeIgniter.php(368): CodeIgniter\CodeIgniter->handleRequest(null, Object(Config\Cache), false)
 7 FCPATH/index.php(67): CodeIgniter\CodeIgniter->run()
CRITICAL - 2023-06-12 18:57:55 --> syntax error, unexpected token "echo", expecting ";"
in APPPATH/Controllers/Test/Pruebas.php on line 21.
 1 SYSTEMPATH/Autoloader/Autoloader.php(289): CodeIgniter\Autoloader\Autoloader->includeFile('/var/www/html/app/Controllers/Test/Pruebas.php')
 2 SYSTEMPATH/Autoloader/Autoloader.php(267): CodeIgniter\Autoloader\Autoloader->loadInNamespace('App\\Controllers\\Test\\Pruebas')
 3 [internal function]: CodeIgniter\Autoloader\Autoloader->loadClass('App\\Controllers\\Test\\Pruebas')
 4 SYSTEMPATH/CodeIgniter.php(892): class_exists('\\App\\Controllers\\Test\\Pruebas', true)
 5 SYSTEMPATH/CodeIgniter.php(486): CodeIgniter\CodeIgniter->startController()
 6 SYSTEMPATH/CodeIgniter.php(368): CodeIgniter\CodeIgniter->handleRequest(null, Object(Config\Cache), false)
 7 FCPATH/index.php(67): CodeIgniter\CodeIgniter->run()
WARNING - 2023-06-12 18:58:57 --> [DEPRECATED] Implicit conversion from float 74.0234375 to int loses precision in APPPATH/Libraries/Img.php on line 59.
 1 APPPATH/Libraries/Img.php(59): imagecreatetruecolor(100, 74.0234375)
 2 APPPATH/Libraries/Thumbs.php(109): App\Libraries\Img->resizeImgJpg('/tmp/phpjE2bdF', '/var/www/html/public/uploads/thumbs/prueba_64876af1e7a4c.jpg', 100, 74.0234375)
 3 APPPATH/Libraries/Thumbs.php(66): App\Libraries\Thumbs->redimensionarImg('/tmp/phpjE2bdF', 'prueba_64876af1e7a4c', 'jpg', 1024, 758, 100, 74.0234375)
 4 APPPATH/Controllers/Test/Pruebas.php(33): App\Libraries\Thumbs->createThumbs('/tmp/phpjE2bdF', 'prueba_64876af1e7a4c', 'jpg')
 5 SYSTEMPATH/CodeIgniter.php(934): App\Controllers\Test\Pruebas->thumb()
 6 SYSTEMPATH/CodeIgniter.php(499): CodeIgniter\CodeIgniter->runController(Object(App\Controllers\Test\Pruebas))
 7 SYSTEMPATH/CodeIgniter.php(368): CodeIgniter\CodeIgniter->handleRequest(null, Object(Config\Cache), false)
 8 FCPATH/index.php(67): CodeIgniter\CodeIgniter->run()
WARNING - 2023-06-12 18:58:57 --> [DEPRECATED] Implicit conversion from float 74.0234375 to int loses precision in APPPATH/Libraries/Img.php on line 61.
 1 APPPATH/Libraries/Img.php(61): imagecopyresampled(Object(GdImage), Object(GdImage), 0, 0, 0, 0, 100, 74.0234375, 1024, 758)
 2 APPPATH/Libraries/Thumbs.php(109): App\Libraries\Img->resizeImgJpg('/tmp/phpjE2bdF', '/var/www/html/public/uploads/thumbs/prueba_64876af1e7a4c.jpg', 100, 74.0234375)
 3 APPPATH/Libraries/Thumbs.php(66): App\Libraries\Thumbs->redimensionarImg('/tmp/phpjE2bdF', 'prueba_64876af1e7a4c', 'jpg', 1024, 758, 100, 74.0234375)
 4 APPPATH/Controllers/Test/Pruebas.php(33): App\Libraries\Thumbs->createThumbs('/tmp/phpjE2bdF', 'prueba_64876af1e7a4c', 'jpg')
 5 SYSTEMPATH/CodeIgniter.php(934): App\Controllers\Test\Pruebas->thumb()
 6 SYSTEMPATH/CodeIgniter.php(499): CodeIgniter\CodeIgniter->runController(Object(App\Controllers\Test\Pruebas))
 7 SYSTEMPATH/CodeIgniter.php(368): CodeIgniter\CodeIgniter->handleRequest(null, Object(Config\Cache), false)
 8 FCPATH/index.php(67): CodeIgniter\CodeIgniter->run()
CRITICAL - 2023-06-12 19:07:09 --> Unable to find template "PruebasCurl.twig.html" (looked into: /var/www/html/app/Views).
in VENDORPATH/twig/twig/src/Loader/FilesystemLoader.php on line 227.
 1 VENDORPATH/twig/twig/src/Loader/FilesystemLoader.php(131): Twig\Loader\FilesystemLoader->findTemplate('PruebasCurl.twig.html')
 2 VENDORPATH/twig/twig/src/Environment.php(264): Twig\Loader\FilesystemLoader->getCacheKey('PruebasCurl.twig.html')
 3 VENDORPATH/twig/twig/src/Environment.php(312): Twig\Environment->getTemplateClass('PruebasCurl.twig.html')
 4 VENDORPATH/twig/twig/src/Environment.php(280): Twig\Environment->load('PruebasCurl.twig.html')
 5 APPPATH/Libraries/Twig.php(145): Twig\Environment->render('PruebasCurl.twig.html', [])
 6 APPPATH/Libraries/Twig.php(128): App\Libraries\Twig->render('PruebasCurl.twig.html', [])
 7 APPPATH/Controllers/Test/Pruebas.php(74): App\Libraries\Twig->display('PruebasCurl')
 8 SYSTEMPATH/CodeIgniter.php(934): App\Controllers\Test\Pruebas->curl()
 9 SYSTEMPATH/CodeIgniter.php(499): CodeIgniter\CodeIgniter->runController(Object(App\Controllers\Test\Pruebas))
10 SYSTEMPATH/CodeIgniter.php(368): CodeIgniter\CodeIgniter->handleRequest(null, Object(Config\Cache), false)
11 FCPATH/index.php(67): CodeIgniter\CodeIgniter->run()
CRITICAL - 2023-06-12 19:07:25 --> Unable to find template "PruebasCurl.twig.html" (looked into: /var/www/html/app/Views).
in VENDORPATH/twig/twig/src/Loader/FilesystemLoader.php on line 227.
 1 VENDORPATH/twig/twig/src/Loader/FilesystemLoader.php(131): Twig\Loader\FilesystemLoader->findTemplate('PruebasCurl.twig.html')
 2 VENDORPATH/twig/twig/src/Environment.php(264): Twig\Loader\FilesystemLoader->getCacheKey('PruebasCurl.twig.html')
 3 VENDORPATH/twig/twig/src/Environment.php(312): Twig\Environment->getTemplateClass('PruebasCurl.twig.html')
 4 VENDORPATH/twig/twig/src/Environment.php(280): Twig\Environment->load('PruebasCurl.twig.html')
 5 APPPATH/Libraries/Twig.php(145): Twig\Environment->render('PruebasCurl.twig.html', [...])
 6 APPPATH/Libraries/Twig.php(128): App\Libraries\Twig->render('PruebasCurl.twig.html', [...])
 7 APPPATH/Controllers/Test/Pruebas.php(126): App\Libraries\Twig->display('PruebasCurl', [...])
 8 SYSTEMPATH/CodeIgniter.php(934): App\Controllers\Test\Pruebas->getDataPokemon()
 9 SYSTEMPATH/CodeIgniter.php(499): CodeIgniter\CodeIgniter->runController(Object(App\Controllers\Test\Pruebas))
10 SYSTEMPATH/CodeIgniter.php(368): CodeIgniter\CodeIgniter->handleRequest(null, Object(Config\Cache), false)
11 FCPATH/index.php(67): CodeIgniter\CodeIgniter->run()
